Using pre-set license
Built from '2022.3/staging' branch; Version is '2022.3.13f1 (5f90a5ebde0f) revision 6262949'; Using compiler version '192829333'; Build Type 'Release'
OS: 'Windows 11  (10.0.22621) 64bit Core' Language: 'en' Physical Memory: 15720 MB
BatchMode: 1, IsHumanControllingUs: 0, StartBugReporterOnCrash: 0, Is64bit: 1, IsPro: 1

COMMAND LINE ARGUMENTS:
C:\Program Files\Unity\Hub\Editor\2022.3.13f1\Editor\Unity.exe
-adb2
-batchMode
-noUpm
-name
AssetImportWorker4
-projectPath
D:/GRP Project/TheArtisticNightmare/TheArtisticNightmare
-logFile
Logs/AssetImportWorker4.log
-srvPort
50765
Successfully changed project path to: D:/GRP Project/TheArtisticNightmare/TheArtisticNightmare
D:/GRP Project/TheArtisticNightmare/TheArtisticNightmare
[UnityMemory] Configuration Parameters - Can be set up in boot.config
    "memorysetup-bucket-allocator-granularity=16"
    "memorysetup-bucket-allocator-bucket-count=8"
    "memorysetup-bucket-allocator-block-size=33554432"
    "memorysetup-bucket-allocator-block-count=8"
    "memorysetup-main-allocator-block-size=16777216"
    "memorysetup-thread-allocator-block-size=16777216"
    "memorysetup-gfx-main-allocator-block-size=16777216"
    "memorysetup-gfx-thread-allocator-block-size=16777216"
    "memorysetup-cache-allocator-block-size=4194304"
    "memorysetup-typetree-allocator-block-size=2097152"
    "memorysetup-profiler-bucket-allocator-granularity=16"
    "memorysetup-profiler-bucket-allocator-bucket-count=8"
    "memorysetup-profiler-bucket-allocator-block-size=33554432"
    "memorysetup-profiler-bucket-allocator-block-count=8"
    "memorysetup-profiler-allocator-block-size=16777216"
    "memorysetup-profiler-editor-allocator-block-size=1048576"
    "memorysetup-temp-allocator-size-main=16777216"
    "memorysetup-job-temp-allocator-block-size=2097152"
    "memorysetup-job-temp-allocator-block-size-background=1048576"
    "memorysetup-job-temp-allocator-reduction-small-platforms=262144"
    "memorysetup-allocator-temp-initial-block-size-main=262144"
    "memorysetup-allocator-temp-initial-block-size-worker=262144"
    "memorysetup-temp-allocator-size-background-worker=32768"
    "memorysetup-temp-allocator-size-job-worker=262144"
    "memorysetup-temp-allocator-size-preload-manager=33554432"
    "memorysetup-temp-allocator-size-nav-mesh-worker=65536"
    "memorysetup-temp-allocator-size-audio-worker=65536"
    "memorysetup-temp-allocator-size-cloud-worker=32768"
    "memorysetup-temp-allocator-size-gi-baking-worker=262144"
    "memorysetup-temp-allocator-size-gfx=262144"
Player connection [6740] Host "[IP] 172.20.49.205 [Port] 0 [Flags] 2 [Guid] 3186415117 [EditorId] 3186415117 [Version] 1048832 [Id] WindowsEditor(7,PARTH) [Debug] 1 [PackageName] WindowsEditor [ProjectName] Editor" joined multi-casting on [225.0.0.222:54997]...

Player connection [6740] Host "[IP] 172.20.49.205 [Port] 0 [Flags] 2 [Guid] 3186415117 [EditorId] 3186415117 [Version] 1048832 [Id] WindowsEditor(7,PARTH) [Debug] 1 [PackageName] WindowsEditor [ProjectName] Editor" joined alternative multi-casting on [225.0.0.222:34997]...

[Physics::Module] Initialized MultithreadedJobDispatcher with 15 workers.
Refreshing native plugins compatible for Editor in 8.27 ms, found 3 plugins.
Preloading 0 native plugins for Editor in 0.00 ms.
Initialize engine version: 2022.3.13f1 (5f90a5ebde0f)
[Subsystems] Discovering subsystems at path C:/Program Files/Unity/Hub/Editor/2022.3.13f1/Editor/Data/Resources/UnitySubsystems
[Subsystems] Discovering subsystems at path D:/GRP Project/TheArtisticNightmare/TheArtisticNightmare/Assets
GfxDevice: creating device client; threaded=0; jobified=0
Direct3D:
    Version:  Direct3D 11.0 [level 11.1]
    Renderer: NVIDIA GeForce RTX 3060 Laptop GPU (ID=0x2560)
    Vendor:   NVIDIA
    VRAM:     6010 MB
    Driver:   31.0.15.4617
Initialize mono
Mono path[0] = 'C:/Program Files/Unity/Hub/Editor/2022.3.13f1/Editor/Data/Managed'
Mono path[1] = 'C:/Program Files/Unity/Hub/Editor/2022.3.13f1/Editor/Data/MonoBleedingEdge/lib/mono/unityjit-win32'
Mono config path = 'C:/Program Files/Unity/Hub/Editor/2022.3.13f1/Editor/Data/MonoBleedingEdge/etc'
Using monoOptions --debugger-agent=transport=dt_socket,embedding=1,server=y,suspend=n,address=127.0.0.1:56680
Begin MonoManager ReloadAssembly
Registering precompiled unity dll's ...
Register platform support module: C:/Program Files/Unity/Hub/Editor/2022.3.13f1/Editor/Data/PlaybackEngines/WindowsStandaloneSupport/UnityEditor.WindowsStandalone.Extensions.dll
Registered in 0.004895 seconds.
- Loaded All Assemblies, in  0.295 seconds
Native extension for WindowsStandalone target not found
Mono: successfully reloaded assembly
- Finished resetting the current domain, in  0.255 seconds
Domain Reload Profiling: 550ms
	BeginReloadAssembly (91ms)
		ExecutionOrderSort (0ms)
		DisableScriptedObjects (0ms)
		BackupInstance (0ms)
		ReleaseScriptingObjects (0ms)
		CreateAndSetChildDomain (1ms)
	RebuildCommonClasses (28ms)
	RebuildNativeTypeToScriptingClass (9ms)
	initialDomainReloadingComplete (48ms)
	LoadAllAssembliesAndSetupDomain (118ms)
		LoadAssemblies (89ms)
		RebuildTransferFunctionScriptingTraits (0ms)
		AnalyzeDomain (116ms)
			TypeCache.Refresh (115ms)
				TypeCache.ScanAssembly (104ms)
			ScanForSourceGeneratedMonoScriptInfo (0ms)
			ResolveRequiredComponents (0ms)
	FinalizeReload (256ms)
		ReleaseScriptCaches (0ms)
		RebuildScriptCaches (0ms)
		SetupLoadedEditorAssemblies (197ms)
			LogAssemblyErrors (0ms)
			InitializePlatformSupportModulesInManaged (10ms)
			SetLoadedEditorAssemblies (8ms)
			RefreshPlugins (0ms)
			BeforeProcessingInitializeOnLoad (3ms)
			ProcessInitializeOnLoadAttributes (132ms)
			ProcessInitializeOnLoadMethodAttributes (44ms)
			AfterProcessingInitializeOnLoad (0ms)
			EditorAssembliesLoaded (0ms)
		ExecutionOrderSort2 (0ms)
		AwakeInstancesAfterBackupRestoration (0ms)
========================================================================
Worker process is ready to serve import requests
Begin MonoManager ReloadAssembly
- Loaded All Assemblies, in  0.548 seconds
Refreshing native plugins compatible for Editor in 3.11 ms, found 3 plugins.
Native extension for WindowsStandalone target not found
Package Manager log level set to [2]
[Package Manager] Server::EnsureServerProcessIsRunning -- launch failed, reason: Unity was launched with the -noUpm command-line argument
[Package Manager] UpmClient::Send -- Unable to send message (not connected to UPM process).
[Package Manager] Cannot connect to Unity Package Manager local server
Mono: successfully reloaded assembly
- Finished resetting the current domain, in  0.568 seconds
Domain Reload Profiling: 1115ms
	BeginReloadAssembly (130ms)
		ExecutionOrderSort (0ms)
		DisableScriptedObjects (5ms)
		BackupInstance (0ms)
		ReleaseScriptingObjects (0ms)
		CreateAndSetChildDomain (22ms)
	RebuildCommonClasses (30ms)
	RebuildNativeTypeToScriptingClass (9ms)
	initialDomainReloadingComplete (37ms)
	LoadAllAssembliesAndSetupDomain (342ms)
		LoadAssemblies (247ms)
		RebuildTransferFunctionScriptingTraits (0ms)
		AnalyzeDomain (168ms)
			TypeCache.Refresh (139ms)
				TypeCache.ScanAssembly (125ms)
			ScanForSourceGeneratedMonoScriptInfo (19ms)
			ResolveRequiredComponents (9ms)
	FinalizeReload (569ms)
		ReleaseScriptCaches (0ms)
		RebuildScriptCaches (0ms)
		SetupLoadedEditorAssemblies (421ms)
			LogAssemblyErrors (0ms)
			InitializePlatformSupportModulesInManaged (6ms)
			SetLoadedEditorAssemblies (3ms)
			RefreshPlugins (0ms)
			BeforeProcessingInitializeOnLoad (66ms)
			ProcessInitializeOnLoadAttributes (277ms)
			ProcessInitializeOnLoadMethodAttributes (65ms)
			AfterProcessingInitializeOnLoad (5ms)
			EditorAssembliesLoaded (0ms)
		ExecutionOrderSort2 (0ms)
		AwakeInstancesAfterBackupRestoration (6ms)
Launched and connected shader compiler UnityShaderCompiler.exe after 0.06 seconds
Refreshing native plugins compatible for Editor in 2.73 ms, found 3 plugins.
Preloading 0 native plugins for Editor in 0.00 ms.
Unloading 4941 Unused Serialized files (Serialized files now loaded: 0)
Unloading 65 unused Assets / (349.5 KB). Loaded Objects now: 5402.
Memory consumption went from 202.5 MB to 202.2 MB.
Total: 3.215600 ms (FindLiveObjects: 0.357100 ms CreateObjectMapping: 0.137600 ms MarkObjects: 2.521600 ms  DeleteObjects: 0.198100 ms)

AssetImportParameters requested are different than current active one (requested -> active):
  custom:container-demuxer-ogg: 62fdf1f143b41e24485cea50d1cbac27 -> 
  custom:video-codec-MediaFoundation-h265: 746d11721c4dcdbdad8f713fa42b33f4 -> 
  custom:video-decoder-ogg-theora: a1e56fd34408186e4bbccfd4996cb3dc -> 
  custom:framework-win-MediaFoundation: 216162199b28c13a410421893ffa2e32 -> 
  custom:CustomObjectIndexerAttribute: a3ef5dd2817f97addfee359851a9dba5 -> 
  custom:container-demuxer-webm: 4f35f7cbe854078d1ac9338744f61a02 -> 
  custom:container-muxer-webm: aa71ff27fc2769a1b78a27578f13a17b -> 
  custom:video-decoder-webm-vp8: 9c59270c3fd7afecdb556c50c9e8de78 -> 
  custom:SearchIndexIgnoredProperties: e643bd26f0fe6173181afceb89e7c659 -> 
  custom:AudioImporter_EditorPlatform: d09bf68614088b80899f8185d706f6e7 -> 
  custom:video-encoder-webm-vp8: eb34c28f22e8b96e1ab97ce403110664 -> 
  custom:audio-decoder-ogg-vorbis: bf7c407c2cedff20999df2af8eb42d56 -> 
  custom:audio-encoder-webm-vorbis: bf7c407c2cedff20999df2af8eb42d56 -> 
========================================================================
Received Import Request.
  Time since last request: 65624.447543 seconds.
  path: Assets/Parth_Assets/Cube.004_Bake1_PBR_Normal.png
  artifactKey: Guid(9a2967d3aca8d2748836d382d95eca8f) Importer(815301076,1909f56bfc062723c751e8b465ee728b)
Start importing Assets/Parth_Assets/Cube.004_Bake1_PBR_Normal.png using Guid(9a2967d3aca8d2748836d382d95eca8f) Importer(815301076,1909f56bfc062723c751e8b465ee728b)  -> (artifact id: '9cc1a792b812d21b2f21b73245379067') in 0.079578 seconds
Number of updated asset objects reloaded before import = 0
Number of asset objects unloaded after import = 2
========================================================================
Received Import Request.
  Time since last request: 264.875485 seconds.
  path: Assets/Parth_Assets/Textures
  artifactKey: Guid(f4ea407efb5b58d479713e3cf09502ef) Importer(815301076,1909f56bfc062723c751e8b465ee728b)
Start importing Assets/Parth_Assets/Textures using Guid(f4ea407efb5b58d479713e3cf09502ef) Importer(815301076,1909f56bfc062723c751e8b465ee728b)  -> (artifact id: 'd733506141c01eda32f6f680c0cc0a0b') in 0.000593 seconds
Number of updated asset objects reloaded before import = 0
Number of asset objects unloaded after import = 0
========================================================================
Received Import Request.
  Time since last request: 14.529870 seconds.
  path: Assets/Parth_Assets/House01.fbx
  artifactKey: Guid(3160d7a347e0aed469a98a1ccc48448a) Importer(815301076,1909f56bfc062723c751e8b465ee728b)
Start importing Assets/Parth_Assets/House01.fbx using Guid(3160d7a347e0aed469a98a1ccc48448a) Importer(815301076,1909f56bfc062723c751e8b465ee728b)  -> (artifact id: 'cc9b1c0cd7c195743bffa67e6e5a7acd') in 0.258647 seconds
Number of updated asset objects reloaded before import = 0
Number of asset objects unloaded after import = 10
========================================================================
Received Import Request.
  Time since last request: 4.583104 seconds.
  path: Assets/Parth_Assets/House01.mat
  artifactKey: Guid(4c709e5ed4e22914ea0e4fb5e71a7e3a) Importer(815301076,1909f56bfc062723c751e8b465ee728b)
Start importing Assets/Parth_Assets/House01.mat using Guid(4c709e5ed4e22914ea0e4fb5e71a7e3a) Importer(815301076,1909f56bfc062723c751e8b465ee728b)  -> (artifact id: '635a5b1c77f85ba3ae3e3b9628321974') in 0.934226 seconds
Number of updated asset objects reloaded before import = 0
Number of asset objects unloaded after import = 6
========================================================================
Received Import Request.
  Time since last request: 5.990592 seconds.
  path: Assets/Parth_Assets/Material
  artifactKey: Guid(4a3e0d790cfc8f74d800da0b8d4bf20d) Importer(815301076,1909f56bfc062723c751e8b465ee728b)
Start importing Assets/Parth_Assets/Material using Guid(4a3e0d790cfc8f74d800da0b8d4bf20d) Importer(815301076,1909f56bfc062723c751e8b465ee728b)  -> (artifact id: '93c40b3d8559aeacc161908c1d349c4d') in 0.000599 seconds
Number of updated asset objects reloaded before import = 0
Number of asset objects unloaded after import = 0
========================================================================
Received Import Request.
  Time since last request: 458.743583 seconds.
  path: Assets/Parth_Assets/House3.fbx
  artifactKey: Guid(e426ca7ad0bc01c4689c9a46ccf13bf5) Importer(815301076,1909f56bfc062723c751e8b465ee728b)
Start importing Assets/Parth_Assets/House3.fbx using Guid(e426ca7ad0bc01c4689c9a46ccf13bf5) Importer(815301076,1909f56bfc062723c751e8b465ee728b)  -> (artifact id: 'b08955ac1895f0ba686f8769622f33ef') in 0.041321 seconds
Number of updated asset objects reloaded before import = 0
Number of asset objects unloaded after import = 9
========================================================================
Received Import Request.
  Time since last request: 0.000022 seconds.
  path: Assets/Parth_Assets/Housef.fbx
  artifactKey: Guid(8f719f68a416b0147bd0837ee7fb8837) Importer(815301076,1909f56bfc062723c751e8b465ee728b)
Start importing Assets/Parth_Assets/Housef.fbx using Guid(8f719f68a416b0147bd0837ee7fb8837) Importer(815301076,1909f56bfc062723c751e8b465ee728b)  -> (artifact id: '48302fbdbaf7f7e83af49ed6be893ece') in 0.044380 seconds
Number of updated asset objects reloaded before import = 0
Number of asset objects unloaded after import = 9
========================================================================
Received Import Request.
  Time since last request: 3.818587 seconds.
  path: Assets/Parth_Assets/Material/House01 1.mat
  artifactKey: Guid(a221332b9c1101a43a70f6ba4f35bd58) Importer(815301076,1909f56bfc062723c751e8b465ee728b)
Start importing Assets/Parth_Assets/Material/House01 1.mat using Guid(a221332b9c1101a43a70f6ba4f35bd58) Importer(815301076,1909f56bfc062723c751e8b465ee728b)  -> (artifact id: '18d5c6e9b8124d28a38f1803d7e06087') in 0.026842 seconds
Number of updated asset objects reloaded before import = 0
Number of asset objects unloaded after import = 6
========================================================================
Received Import Request.
  Time since last request: 0.816828 seconds.
  path: Assets/Parth_Assets/Material/House01 2.mat
  artifactKey: Guid(80b0fbf3fce2d7a4da784edec8f936c7) Importer(815301076,1909f56bfc062723c751e8b465ee728b)
Start importing Assets/Parth_Assets/Material/House01 2.mat using Guid(80b0fbf3fce2d7a4da784edec8f936c7) Importer(815301076,1909f56bfc062723c751e8b465ee728b)  -> (artifact id: '10e1f34741d9ee65f984a6f83eb0bdce') in 0.019200 seconds
Number of updated asset objects reloaded before import = 0
Number of asset objects unloaded after import = 6
========================================================================
Received Import Request.
  Time since last request: 0.664356 seconds.
  path: Assets/Parth_Assets/Material/House01 3.mat
  artifactKey: Guid(d3a0555ae45db0d459ab5fa1dc8c8a8c) Importer(815301076,1909f56bfc062723c751e8b465ee728b)
Start importing Assets/Parth_Assets/Material/House01 3.mat using Guid(d3a0555ae45db0d459ab5fa1dc8c8a8c) Importer(815301076,1909f56bfc062723c751e8b465ee728b)  -> (artifact id: 'e5829109722fe1367dace99b77796ddb') in 0.017532 seconds
Number of updated asset objects reloaded before import = 0
Number of asset objects unloaded after import = 6
========================================================================
Received Import Request.
  Time since last request: 13.826034 seconds.
  path: Assets/Parth_Assets/Material/House02.mat
  artifactKey: Guid(a221332b9c1101a43a70f6ba4f35bd58) Importer(815301076,1909f56bfc062723c751e8b465ee728b)
Start importing Assets/Parth_Assets/Material/House02.mat using Guid(a221332b9c1101a43a70f6ba4f35bd58) Importer(815301076,1909f56bfc062723c751e8b465ee728b)  -> (artifact id: '4df139b4f665fd73c7878a0acfcd8021') in 0.025382 seconds
Number of updated asset objects reloaded before import = 0
Number of asset objects unloaded after import = 6
========================================================================
Received Import Request.
  Time since last request: 6.043389 seconds.
  path: Assets/Parth_Assets/Material/House03.mat
  artifactKey: Guid(80b0fbf3fce2d7a4da784edec8f936c7) Importer(815301076,1909f56bfc062723c751e8b465ee728b)
Start importing Assets/Parth_Assets/Material/House03.mat using Guid(80b0fbf3fce2d7a4da784edec8f936c7) Importer(815301076,1909f56bfc062723c751e8b465ee728b)  -> (artifact id: '7ca3588f3f5f57caf73cbc00f9f25c80') in 0.024574 seconds
Number of updated asset objects reloaded before import = 0
Number of asset objects unloaded after import = 6
========================================================================
Received Import Request.
  Time since last request: 6.943901 seconds.
  path: Assets/Parth_Assets/Material/House04.mat
  artifactKey: Guid(d3a0555ae45db0d459ab5fa1dc8c8a8c) Importer(815301076,1909f56bfc062723c751e8b465ee728b)
Start importing Assets/Parth_Assets/Material/House04.mat using Guid(d3a0555ae45db0d459ab5fa1dc8c8a8c) Importer(815301076,1909f56bfc062723c751e8b465ee728b)  -> (artifact id: '2f3f3508a4b44e49b05e30053b972639') in 0.018170 seconds
Number of updated asset objects reloaded before import = 0
Number of asset objects unloaded after import = 6
========================================================================
Received Import Request.
  Time since last request: 35.012577 seconds.
  path: Assets/Parth_Assets/House.fbx
  artifactKey: Guid(3160d7a347e0aed469a98a1ccc48448a) Importer(815301076,1909f56bfc062723c751e8b465ee728b)
Start importing Assets/Parth_Assets/House.fbx using Guid(3160d7a347e0aed469a98a1ccc48448a) Importer(815301076,1909f56bfc062723c751e8b465ee728b)  -> (artifact id: '9cc17214622e3af7b97d57319cf3cd69') in 0.029483 seconds
Number of updated asset objects reloaded before import = 0
Number of asset objects unloaded after import = 9
========================================================================
Received Import Request.
  Time since last request: 20.634766 seconds.
  path: Assets/Parth_Assets/House01.fbx
  artifactKey: Guid(8f719f68a416b0147bd0837ee7fb8837) Importer(815301076,1909f56bfc062723c751e8b465ee728b)
Start importing Assets/Parth_Assets/House01.fbx using Guid(8f719f68a416b0147bd0837ee7fb8837) Importer(815301076,1909f56bfc062723c751e8b465ee728b)  -> (artifact id: '8b48a31ca15f5fcdf39b32a2fb59decf') in 0.028076 seconds
Number of updated asset objects reloaded before import = 0
Number of asset objects unloaded after import = 9
========================================================================
Received Import Request.
  Time since last request: 7.234572 seconds.
  path: Assets/Parth_Assets/House03.fbx
  artifactKey: Guid(e426ca7ad0bc01c4689c9a46ccf13bf5) Importer(815301076,1909f56bfc062723c751e8b465ee728b)
Start importing Assets/Parth_Assets/House03.fbx using Guid(e426ca7ad0bc01c4689c9a46ccf13bf5) Importer(815301076,1909f56bfc062723c751e8b465ee728b)  -> (artifact id: '5b0788fed540ffc9680b3a8f9695eb32') in 0.024587 seconds
Number of updated asset objects reloaded before import = 0
Number of asset objects unloaded after import = 9
========================================================================
Received Import Request.
  Time since last request: 6.001865 seconds.
  path: Assets/Parth_Assets/House04.fbx
  artifactKey: Guid(024f3cd4f7312ee4d931cf7bde8168fd) Importer(815301076,1909f56bfc062723c751e8b465ee728b)
Start importing Assets/Parth_Assets/House04.fbx using Guid(024f3cd4f7312ee4d931cf7bde8168fd) Importer(815301076,1909f56bfc062723c751e8b465ee728b)  -> (artifact id: 'e6e5c6cf98a730af3f98ffffed83249c') in 0.031756 seconds
Number of updated asset objects reloaded before import = 0
Number of asset objects unloaded after import = 9
========================================================================
Received Import Request.
  Time since last request: 19.352454 seconds.
  path: Assets/Parth_Assets/House1.fbx
  artifactKey: Guid(456c743cd30295848a7a0baa15aec494) Importer(815301076,1909f56bfc062723c751e8b465ee728b)
Start importing Assets/Parth_Assets/House1.fbx using Guid(456c743cd30295848a7a0baa15aec494) Importer(815301076,1909f56bfc062723c751e8b465ee728b)  -> (artifact id: 'ff2bcd8f7c2825cd3705884f561e5a8a') in 0.035087 seconds
Number of updated asset objects reloaded before import = 0
Number of asset objects unloaded after import = 9
========================================================================
Received Import Request.
  Time since last request: 25.494389 seconds.
  path: Assets/Parth_Assets/House02.fbx
  artifactKey: Guid(456c743cd30295848a7a0baa15aec494) Importer(815301076,1909f56bfc062723c751e8b465ee728b)
Start importing Assets/Parth_Assets/House02.fbx using Guid(456c743cd30295848a7a0baa15aec494) Importer(815301076,1909f56bfc062723c751e8b465ee728b)  -> (artifact id: '70944c4573e6e70ac68678acc5d8b003') in 0.035339 seconds
Number of updated asset objects reloaded before import = 0
Number of asset objects unloaded after import = 9
========================================================================
Received Import Request.
  Time since last request: 65.336056 seconds.
  path: Assets/Parth_Assets/House01.fbx
  artifactKey: Guid(8f719f68a416b0147bd0837ee7fb8837) Importer(815301076,1909f56bfc062723c751e8b465ee728b)
Start importing Assets/Parth_Assets/House01.fbx using Guid(8f719f68a416b0147bd0837ee7fb8837) Importer(815301076,1909f56bfc062723c751e8b465ee728b)  -> (artifact id: '4f8c463b78cc3470041e81e9dbff60cc') in 0.036666 seconds
Number of updated asset objects reloaded before import = 0
Number of asset objects unloaded after import = 13
========================================================================
Received Import Request.
  Time since last request: 5.064853 seconds.
  path: Assets/Parth_Assets/House02.fbx
  artifactKey: Guid(456c743cd30295848a7a0baa15aec494) Importer(815301076,1909f56bfc062723c751e8b465ee728b)
Start importing Assets/Parth_Assets/House02.fbx using Guid(456c743cd30295848a7a0baa15aec494) Importer(815301076,1909f56bfc062723c751e8b465ee728b)  -> (artifact id: 'ea5a99608be7b41c2d87ca7da23e576e') in 0.033511 seconds
Number of updated asset objects reloaded before import = 0
Number of asset objects unloaded after import = 13
========================================================================
Received Import Request.
  Time since last request: 5.835641 seconds.
  path: Assets/Parth_Assets/House03.fbx
  artifactKey: Guid(e426ca7ad0bc01c4689c9a46ccf13bf5) Importer(815301076,1909f56bfc062723c751e8b465ee728b)
Start importing Assets/Parth_Assets/House03.fbx using Guid(e426ca7ad0bc01c4689c9a46ccf13bf5) Importer(815301076,1909f56bfc062723c751e8b465ee728b)  -> (artifact id: '661de452fabc2106dacb68c48a347308') in 0.037449 seconds
Number of updated asset objects reloaded before import = 0
Number of asset objects unloaded after import = 13
========================================================================
Received Import Request.
  Time since last request: 4.906874 seconds.
  path: Assets/Parth_Assets/House04.fbx
  artifactKey: Guid(024f3cd4f7312ee4d931cf7bde8168fd) Importer(815301076,1909f56bfc062723c751e8b465ee728b)
Start importing Assets/Parth_Assets/House04.fbx using Guid(024f3cd4f7312ee4d931cf7bde8168fd) Importer(815301076,1909f56bfc062723c751e8b465ee728b)  -> (artifact id: 'c76c96f0dc45d46b882a927dd24dd80b') in 0.032319 seconds
Number of updated asset objects reloaded before import = 0
Number of asset objects unloaded after import = 13
========================================================================
Received Import Request.
  Time since last request: 31.015791 seconds.
  path: Assets/Parth_Assets/Textures/Cube.001_Bake1_PBR_Ambient Occlusion.png
  artifactKey: Guid(2056cfbb147754542a28a9698ee33eee) Importer(815301076,1909f56bfc062723c751e8b465ee728b)
Start importing Assets/Parth_Assets/Textures/Cube.001_Bake1_PBR_Ambient Occlusion.png using Guid(2056cfbb147754542a28a9698ee33eee) Importer(815301076,1909f56bfc062723c751e8b465ee728b)  -> (artifact id: '1b173f21d3830196dac31d1eb48ba079') in 0.015349 seconds
Number of updated asset objects reloaded before import = 0
Number of asset objects unloaded after import = 2
========================================================================
Received Import Request.
  Time since last request: 0.008329 seconds.
  path: Assets/Parth_Assets/Textures/Cube.001_Bake1_PBR_Roughness.png
  artifactKey: Guid(11a53566176b19c45b470e5803a1d8ce) Importer(815301076,1909f56bfc062723c751e8b465ee728b)
Start importing Assets/Parth_Assets/Textures/Cube.001_Bake1_PBR_Roughness.png using Guid(11a53566176b19c45b470e5803a1d8ce) Importer(815301076,1909f56bfc062723c751e8b465ee728b)  -> (artifact id: '3cba7280af11935d6973fa7fe622c37a') in 0.032992 seconds
Number of updated asset objects reloaded before import = 0
Number of asset objects unloaded after import = 2
========================================================================
Received Import Request.
  Time since last request: 0.000029 seconds.
  path: Assets/Parth_Assets/Textures/Cube.004_Bake1_PBR_Ambient Occlusion 1.png
  artifactKey: Guid(c4021d3428824294e8fe25a4e21ea79d) Importer(815301076,1909f56bfc062723c751e8b465ee728b)
Start importing Assets/Parth_Assets/Textures/Cube.004_Bake1_PBR_Ambient Occlusion 1.png using Guid(c4021d3428824294e8fe25a4e21ea79d) Importer(815301076,1909f56bfc062723c751e8b465ee728b)  -> (artifact id: '597fdfd8ceb70bfebfbe64cd25bfc7ca') in 0.019915 seconds
Number of updated asset objects reloaded before import = 0
Number of asset objects unloaded after import = 2
========================================================================
Received Import Request.
  Time since last request: 0.000333 seconds.
  path: Assets/Parth_Assets/Textures/Cube.004_Bake1_PBR_Roughness 1.png
  artifactKey: Guid(9e91b4941eac6b448a81219c891811e0) Importer(815301076,1909f56bfc062723c751e8b465ee728b)
Start importing Assets/Parth_Assets/Textures/Cube.004_Bake1_PBR_Roughness 1.png using Guid(9e91b4941eac6b448a81219c891811e0) Importer(815301076,1909f56bfc062723c751e8b465ee728b)  -> (artifact id: '98b77b7fa2c48a3f0479151a903b0050') in 0.018058 seconds
Number of updated asset objects reloaded before import = 0
Number of asset objects unloaded after import = 2
========================================================================
Received Import Request.
  Time since last request: 0.000041 seconds.
  path: Assets/Parth_Assets/Textures/Cube.004_Bake1_PBR_Normal 1.png
  artifactKey: Guid(29e96dd632eb05b4c8eeb9049d7e1432) Importer(815301076,1909f56bfc062723c751e8b465ee728b)
Start importing Assets/Parth_Assets/Textures/Cube.004_Bake1_PBR_Normal 1.png using Guid(29e96dd632eb05b4c8eeb9049d7e1432) Importer(815301076,1909f56bfc062723c751e8b465ee728b)  -> (artifact id: '30ac34d5803f9fa2c350fb0eb64cdb98') in 0.025635 seconds
Number of updated asset objects reloaded before import = 0
Number of asset objects unloaded after import = 2
========================================================================
Received Import Request.
  Time since last request: 0.000021 seconds.
  path: Assets/Parth_Assets/Textures/Sapling_Populus-tremuloides_B_summer_Bake1_CyclesBake_NORMAL.png
  artifactKey: Guid(b9fe89f158756904d8614cde05e1973f) Importer(815301076,1909f56bfc062723c751e8b465ee728b)
Start importing Assets/Parth_Assets/Textures/Sapling_Populus-tremuloides_B_summer_Bake1_CyclesBake_NORMAL.png using Guid(b9fe89f158756904d8614cde05e1973f) Importer(815301076,1909f56bfc062723c751e8b465ee728b)  -> (artifact id: '42a8ecbdbeeedfbe9e0e30629f055434') in 0.026580 seconds
Number of updated asset objects reloaded before import = 0
Number of asset objects unloaded after import = 2
========================================================================
Received Import Request.
  Time since last request: 0.000055 seconds.
  path: Assets/Parth_Assets/Textures/Sapling_Populus-tremuloides_B_summer_Bake1_CyclesBake_ROUGHNESS.png
  artifactKey: Guid(92f5fdc2f1b182346a4de1f74dd34037) Importer(815301076,1909f56bfc062723c751e8b465ee728b)
Start importing Assets/Parth_Assets/Textures/Sapling_Populus-tremuloides_B_summer_Bake1_CyclesBake_ROUGHNESS.png using Guid(92f5fdc2f1b182346a4de1f74dd34037) Importer(815301076,1909f56bfc062723c751e8b465ee728b)  -> (artifact id: 'e93a9a7e97bf031d50edb52f81288035') in 0.026987 seconds
Number of updated asset objects reloaded before import = 0
Number of asset objects unloaded after import = 2
========================================================================
Received Import Request.
  Time since last request: 0.000188 seconds.
  path: Assets/Parth_Assets/Textures/Cube.002_Bake1_PBR_Roughness.png
  artifactKey: Guid(7d49a65483903cc4f9fb01de106a0d29) Importer(815301076,1909f56bfc062723c751e8b465ee728b)
Start importing Assets/Parth_Assets/Textures/Cube.002_Bake1_PBR_Roughness.png using Guid(7d49a65483903cc4f9fb01de106a0d29) Importer(815301076,1909f56bfc062723c751e8b465ee728b)  -> (artifact id: '1a11764992d1a689341afbb166ac3f7e') in 0.019670 seconds
Number of updated asset objects reloaded before import = 0
Number of asset objects unloaded after import = 2
========================================================================
Received Import Request.
  Time since last request: 0.000024 seconds.
  path: Assets/Parth_Assets/Textures/Cube.003_Bake1_PBR_Normal.png
  artifactKey: Guid(d558874f6c13ff140bbc1d2986f2d80a) Importer(815301076,1909f56bfc062723c751e8b465ee728b)
Start importing Assets/Parth_Assets/Textures/Cube.003_Bake1_PBR_Normal.png using Guid(d558874f6c13ff140bbc1d2986f2d80a) Importer(815301076,1909f56bfc062723c751e8b465ee728b)  -> (artifact id: '70d9d6b49f755f639e8174e7d20c29f7') in 0.023373 seconds
Number of updated asset objects reloaded before import = 0
Number of asset objects unloaded after import = 2
========================================================================
Received Import Request.
  Time since last request: 0.000028 seconds.
  path: Assets/Parth_Assets/Textures/Sapling_Populus-tremuloides_B_summer_Bake1_PBR_Ambient Occl.png
  artifactKey: Guid(f5d05f1548f9dba4897ebed9b5f0d8d4) Importer(815301076,1909f56bfc062723c751e8b465ee728b)
Start importing Assets/Parth_Assets/Textures/Sapling_Populus-tremuloides_B_summer_Bake1_PBR_Ambient Occl.png using Guid(f5d05f1548f9dba4897ebed9b5f0d8d4) Importer(815301076,1909f56bfc062723c751e8b465ee728b)  -> (artifact id: 'dfa95027bcda778641b848178afbddb1') in 0.022478 seconds
Number of updated asset objects reloaded before import = 0
Number of asset objects unloaded after import = 2
========================================================================
Received Import Request.
  Time since last request: 0.000037 seconds.
  path: Assets/Parth_Assets/Textures/Cube.002_Bake1_PBR_Diffuse.png
  artifactKey: Guid(9d5992f4cb3bec44e85c1c737269e808) Importer(815301076,1909f56bfc062723c751e8b465ee728b)
Start importing Assets/Parth_Assets/Textures/Cube.002_Bake1_PBR_Diffuse.png using Guid(9d5992f4cb3bec44e85c1c737269e808) Importer(815301076,1909f56bfc062723c751e8b465ee728b)  -> (artifact id: 'd3d3af0dd4595fd2934f3661010874fd') in 0.022248 seconds
Number of updated asset objects reloaded before import = 0
Number of asset objects unloaded after import = 2
========================================================================
Received Import Request.
  Time since last request: 40.657797 seconds.
  path: Assets/Parth_Assets/Textures/Cube.001_Bake1_PBR_Normal.png
  artifactKey: Guid(b9bd3a3cbc8186b47a7eb33f4df641de) Importer(815301076,1909f56bfc062723c751e8b465ee728b)
Start importing Assets/Parth_Assets/Textures/Cube.001_Bake1_PBR_Normal.png using Guid(b9bd3a3cbc8186b47a7eb33f4df641de) Importer(815301076,1909f56bfc062723c751e8b465ee728b)  -> (artifact id: '6f1cbea356edfffbb4207e6b72f5de6d') in 0.017543 seconds
Number of updated asset objects reloaded before import = 0
Number of asset objects unloaded after import = 2
========================================================================
Received Import Request.
  Time since last request: 219.037439 seconds.
  path: Assets/Parth_Assets/Textures/Cube.003_Bake1_PBR_Normal.png
  artifactKey: Guid(d558874f6c13ff140bbc1d2986f2d80a) Importer(815301076,1909f56bfc062723c751e8b465ee728b)
Start importing Assets/Parth_Assets/Textures/Cube.003_Bake1_PBR_Normal.png using Guid(d558874f6c13ff140bbc1d2986f2d80a) Importer(815301076,1909f56bfc062723c751e8b465ee728b)  -> (artifact id: 'deacd59bee708fdffa0f217cf089a1c6') in 0.020691 seconds
Number of updated asset objects reloaded before import = 0
Number of asset objects unloaded after import = 2
========================================================================
Received Import Request.
  Time since last request: 156.217043 seconds.
  path: Assets/Parth_Assets/House04.fbx
  artifactKey: Guid(024f3cd4f7312ee4d931cf7bde8168fd) Importer(815301076,1909f56bfc062723c751e8b465ee728b)
Start importing Assets/Parth_Assets/House04.fbx using Guid(024f3cd4f7312ee4d931cf7bde8168fd) Importer(815301076,1909f56bfc062723c751e8b465ee728b)  -> (artifact id: '242c8e2ec61bdde8b04a6a4211b89574') in 0.019528 seconds
Number of updated asset objects reloaded before import = 0
Number of asset objects unloaded after import = 8
========================================================================
Received Import Request.
  Time since last request: 6.471110 seconds.
  path: Assets/Parth_Assets/House04.fbx
  artifactKey: Guid(024f3cd4f7312ee4d931cf7bde8168fd) Importer(815301076,1909f56bfc062723c751e8b465ee728b)
Start importing Assets/Parth_Assets/House04.fbx using Guid(024f3cd4f7312ee4d931cf7bde8168fd) Importer(815301076,1909f56bfc062723c751e8b465ee728b)  -> (artifact id: '4050ef01554323d62fd195b156ca44f0') in 0.030429 seconds
Number of updated asset objects reloaded before import = 0
Number of asset objects unloaded after import = 13
========================================================================
Received Import Request.
  Time since last request: 17.993712 seconds.
  path: Assets/Parth_Assets/Material/House02.mat
  artifactKey: Guid(a221332b9c1101a43a70f6ba4f35bd58) Importer(815301076,1909f56bfc062723c751e8b465ee728b)
Start importing Assets/Parth_Assets/Material/House02.mat using Guid(a221332b9c1101a43a70f6ba4f35bd58) Importer(815301076,1909f56bfc062723c751e8b465ee728b)  -> (artifact id: '16e59a7a1cb00fabaef8feddcf6cc678') in 0.021307 seconds
Number of updated asset objects reloaded before import = 0
Number of asset objects unloaded after import = 7
========================================================================
Received Import Request.
  Time since last request: 0.000023 seconds.
  path: Assets/Parth_Assets/Material/Tree01.mat
  artifactKey: Guid(ad0581e8c0af5ed4183b7c5e4667f6fe) Importer(815301076,1909f56bfc062723c751e8b465ee728b)
Start importing Assets/Parth_Assets/Material/Tree01.mat using Guid(ad0581e8c0af5ed4183b7c5e4667f6fe) Importer(815301076,1909f56bfc062723c751e8b465ee728b)  -> (artifact id: 'bca371f03e44b5fdb5e9615222858e3a') in 0.019087 seconds
Number of updated asset objects reloaded before import = 0
Number of asset objects unloaded after import = 2
========================================================================
Received Import Request.
  Time since last request: 9.745282 seconds.
  path: Assets/Parth_Assets/House02.fbx
  artifactKey: Guid(456c743cd30295848a7a0baa15aec494) Importer(815301076,1909f56bfc062723c751e8b465ee728b)
Start importing Assets/Parth_Assets/House02.fbx using Guid(456c743cd30295848a7a0baa15aec494) Importer(815301076,1909f56bfc062723c751e8b465ee728b)  -> (artifact id: 'eb07797a57051f3bcc8a61420cde14c2') in 0.023068 seconds
Number of updated asset objects reloaded before import = 0
Number of asset objects unloaded after import = 14
========================================================================
Received Import Request.
  Time since last request: 0.000018 seconds.
  path: Assets/Parth_Assets/House04.fbx
  artifactKey: Guid(024f3cd4f7312ee4d931cf7bde8168fd) Importer(815301076,1909f56bfc062723c751e8b465ee728b)
Start importing Assets/Parth_Assets/House04.fbx using Guid(024f3cd4f7312ee4d931cf7bde8168fd) Importer(815301076,1909f56bfc062723c751e8b465ee728b)  -> (artifact id: '98ef721128963271e74aab1e589263c6') in 0.029547 seconds
Number of updated asset objects reloaded before import = 0
Number of asset objects unloaded after import = 14
========================================================================
Received Import Request.
  Time since last request: 34.136159 seconds.
  path: Assets/Parth_Assets/Textures/Sapling_Populus-tremuloides_B_summer_Bake1_CyclesBake_NORMAL.png
  artifactKey: Guid(b9fe89f158756904d8614cde05e1973f) Importer(815301076,1909f56bfc062723c751e8b465ee728b)
Start importing Assets/Parth_Assets/Textures/Sapling_Populus-tremuloides_B_summer_Bake1_CyclesBake_NORMAL.png using Guid(b9fe89f158756904d8614cde05e1973f) Importer(815301076,1909f56bfc062723c751e8b465ee728b)  -> (artifact id: '8bdcbd978bd0077465ff3a4724f1e765') in 0.020828 seconds
Number of updated asset objects reloaded before import = 0
Number of asset objects unloaded after import = 2
