Using pre-set license
Built from '2022.3/staging' branch; Version is '2022.3.7f1 (b16b3b16c7a0) revision 11627323'; Using compiler version '192829333'; Build Type 'Release'
OS: 'Windows 11  (10.0.22621) 64bit Core' Language: 'en' Physical Memory: 16176 MB
BatchMode: 1, IsHumanControllingUs: 0, StartBugReporterOnCrash: 0, Is64bit: 1, IsPro: 1

COMMAND LINE ARGUMENTS:
C:\Program Files\Unity\Hub\Editor\2022.3.7f1\Editor\Unity.exe
-adb2
-batchMode
-noUpm
-name
AssetImportWorker2
-projectPath
C:/Users/Semfh/Documents/GitHub/TheArtisticNightmare/TheArtisticNightmare
-logFile
Logs/AssetImportWorker2.log
-srvPort
65299
Successfully changed project path to: C:/Users/Semfh/Documents/GitHub/TheArtisticNightmare/TheArtisticNightmare
C:/Users/Semfh/Documents/GitHub/TheArtisticNightmare/TheArtisticNightmare
[UnityMemory] Configuration Parameters - Can be set up in boot.config
    "memorysetup-bucket-allocator-granularity=16"
    "memorysetup-bucket-allocator-bucket-count=8"
    "memorysetup-bucket-allocator-block-size=33554432"
    "memorysetup-bucket-allocator-block-count=8"
    "memorysetup-main-allocator-block-size=16777216"
    "memorysetup-thread-allocator-block-size=16777216"
    "memorysetup-gfx-main-allocator-block-size=16777216"
    "memorysetup-gfx-thread-allocator-block-size=16777216"
    "memorysetup-cache-allocator-block-size=4194304"
    "memorysetup-typetree-allocator-block-size=2097152"
    "memorysetup-profiler-bucket-allocator-granularity=16"
    "memorysetup-profiler-bucket-allocator-bucket-count=8"
    "memorysetup-profiler-bucket-allocator-block-size=33554432"
    "memorysetup-profiler-bucket-allocator-block-count=8"
    "memorysetup-profiler-allocator-block-size=16777216"
    "memorysetup-profiler-editor-allocator-block-size=1048576"
    "memorysetup-temp-allocator-size-main=16777216"
    "memorysetup-job-temp-allocator-block-size=2097152"
    "memorysetup-job-temp-allocator-block-size-background=1048576"
    "memorysetup-job-temp-allocator-reduction-small-platforms=262144"
    "memorysetup-allocator-temp-initial-block-size-main=262144"
    "memorysetup-allocator-temp-initial-block-size-worker=262144"
    "memorysetup-temp-allocator-size-background-worker=32768"
    "memorysetup-temp-allocator-size-job-worker=262144"
    "memorysetup-temp-allocator-size-preload-manager=33554432"
    "memorysetup-temp-allocator-size-nav-mesh-worker=65536"
    "memorysetup-temp-allocator-size-audio-worker=65536"
    "memorysetup-temp-allocator-size-cloud-worker=32768"
    "memorysetup-temp-allocator-size-gi-baking-worker=262144"
    "memorysetup-temp-allocator-size-gfx=262144"
Player connection [4292] Host "[IP] 25.57.139.92 [Port] 0 [Flags] 2 [Guid] 2002576202 [EditorId] 2002576202 [Version] 1048832 [Id] WindowsEditor(7,Kirk) [Debug] 1 [PackageName] WindowsEditor [ProjectName] Editor" joined multi-casting on [225.0.0.222:54997]...

Player connection [4292] Host "[IP] 25.57.139.92 [Port] 0 [Flags] 2 [Guid] 2002576202 [EditorId] 2002576202 [Version] 1048832 [Id] WindowsEditor(7,Kirk) [Debug] 1 [PackageName] WindowsEditor [ProjectName] Editor" joined alternative multi-casting on [225.0.0.222:34997]...

Refreshing native plugins compatible for Editor in 6.83 ms, found 3 plugins.
Preloading 0 native plugins for Editor in 0.00 ms.
Initialize engine version: 2022.3.7f1 (b16b3b16c7a0)
[Subsystems] Discovering subsystems at path C:/Program Files/Unity/Hub/Editor/2022.3.7f1/Editor/Data/Resources/UnitySubsystems
[Subsystems] Discovering subsystems at path C:/Users/Semfh/Documents/GitHub/TheArtisticNightmare/TheArtisticNightmare/Assets
GfxDevice: creating device client; threaded=0; jobified=0
Direct3D:
    Version:  Direct3D 11.0 [level 11.1]
    Renderer: NVIDIA GeForce RTX 3060 (ID=0x2504)
    Vendor:   NVIDIA
    VRAM:     12129 MB
    Driver:   31.0.15.3758
Initialize mono
Mono path[0] = 'C:/Program Files/Unity/Hub/Editor/2022.3.7f1/Editor/Data/Managed'
Mono path[1] = 'C:/Program Files/Unity/Hub/Editor/2022.3.7f1/Editor/Data/MonoBleedingEdge/lib/mono/unityjit-win32'
Mono config path = 'C:/Program Files/Unity/Hub/Editor/2022.3.7f1/Editor/Data/MonoBleedingEdge/etc'
Using monoOptions --debugger-agent=transport=dt_socket,embedding=1,server=y,suspend=n,address=127.0.0.1:56544
Begin MonoManager ReloadAssembly
Registering precompiled unity dll's ...
Register platform support module: C:/Program Files/Unity/Hub/Editor/2022.3.7f1/Editor/Data/PlaybackEngines/WindowsStandaloneSupport/UnityEditor.WindowsStandalone.Extensions.dll
Registered in 0.005641 seconds.
- Loaded All Assemblies, in  0.227 seconds
Native extension for WindowsStandalone target not found
Mono: successfully reloaded assembly
- Finished resetting the current domain, in  0.163 seconds
Domain Reload Profiling: 389ms
	BeginReloadAssembly (72ms)
		ExecutionOrderSort (0ms)
		DisableScriptedObjects (0ms)
		BackupInstance (0ms)
		ReleaseScriptingObjects (0ms)
		CreateAndSetChildDomain (0ms)
	RebuildCommonClasses (21ms)
	RebuildNativeTypeToScriptingClass (7ms)
	initialDomainReloadingComplete (39ms)
	LoadAllAssembliesAndSetupDomain (87ms)
		LoadAssemblies (70ms)
		RebuildTransferFunctionScriptingTraits (0ms)
		AnalyzeDomain (86ms)
			TypeCache.Refresh (85ms)
				TypeCache.ScanAssembly (76ms)
			ScanForSourceGeneratedMonoScriptInfo (0ms)
			ResolveRequiredComponents (0ms)
	FinalizeReload (163ms)
		ReleaseScriptCaches (0ms)
		RebuildScriptCaches (0ms)
		SetupLoadedEditorAssemblies (126ms)
			LogAssemblyErrors (0ms)
			InitializePlatformSupportModulesInManaged (6ms)
			SetLoadedEditorAssemblies (5ms)
			RefreshPlugins (0ms)
			BeforeProcessingInitializeOnLoad (1ms)
			ProcessInitializeOnLoadAttributes (82ms)
			ProcessInitializeOnLoadMethodAttributes (32ms)
			AfterProcessingInitializeOnLoad (0ms)
			EditorAssembliesLoaded (0ms)
		ExecutionOrderSort2 (0ms)
		AwakeInstancesAfterBackupRestoration (0ms)
========================================================================
Worker process is ready to serve import requests
Begin MonoManager ReloadAssembly
Symbol file LoadedFromMemory doesn't match image C:\Users\Semfh\Documents\GitHub\TheArtisticNightmare\TheArtisticNightmare\Library\PackageCache\com.unity.visualscripting@1.8.0\Editor\VisualScripting.Core\Dependencies\YamlDotNet\Unity.VisualScripting.YamlDotNet.dll
Symbol file LoadedFromMemory doesn't match image C:\Users\Semfh\Documents\GitHub\TheArtisticNightmare\TheArtisticNightmare\Library\PackageCache\com.unity.visualscripting@1.8.0\Editor\VisualScripting.Core\Dependencies\DotNetZip\Unity.VisualScripting.IonicZip.dll
- Loaded All Assemblies, in  0.464 seconds
Refreshing native plugins compatible for Editor in 2.39 ms, found 3 plugins.
Native extension for WindowsStandalone target not found
Mono: successfully reloaded assembly
- Finished resetting the current domain, in  0.374 seconds
Domain Reload Profiling: 837ms
	BeginReloadAssembly (105ms)
		ExecutionOrderSort (0ms)
		DisableScriptedObjects (3ms)
		BackupInstance (0ms)
		ReleaseScriptingObjects (0ms)
		CreateAndSetChildDomain (15ms)
	RebuildCommonClasses (21ms)
	RebuildNativeTypeToScriptingClass (7ms)
	initialDomainReloadingComplete (28ms)
	LoadAllAssembliesAndSetupDomain (302ms)
		LoadAssemblies (240ms)
		RebuildTransferFunctionScriptingTraits (0ms)
		AnalyzeDomain (125ms)
			TypeCache.Refresh (106ms)
				TypeCache.ScanAssembly (93ms)
			ScanForSourceGeneratedMonoScriptInfo (13ms)
			ResolveRequiredComponents (6ms)
	FinalizeReload (375ms)
		ReleaseScriptCaches (0ms)
		RebuildScriptCaches (0ms)
		SetupLoadedEditorAssemblies (280ms)
			LogAssemblyErrors (0ms)
			InitializePlatformSupportModulesInManaged (4ms)
			SetLoadedEditorAssemblies (2ms)
			RefreshPlugins (0ms)
			BeforeProcessingInitializeOnLoad (48ms)
			ProcessInitializeOnLoadAttributes (177ms)
			ProcessInitializeOnLoadMethodAttributes (45ms)
			AfterProcessingInitializeOnLoad (4ms)
			EditorAssembliesLoaded (0ms)
		ExecutionOrderSort2 (0ms)
		AwakeInstancesAfterBackupRestoration (4ms)
Launched and connected shader compiler UnityShaderCompiler.exe after 0.04 seconds
Refreshing native plugins compatible for Editor in 2.58 ms, found 3 plugins.
Preloading 0 native plugins for Editor in 0.00 ms.
Unloading 4916 Unused Serialized files (Serialized files now loaded: 0)
Unloading 64 unused Assets / (350.4 KB). Loaded Objects now: 5374.
Memory consumption went from 193.9 MB to 193.6 MB.
Total: 2.743300 ms (FindLiveObjects: 0.265800 ms CreateObjectMapping: 0.144900 ms MarkObjects: 2.151100 ms  DeleteObjects: 0.180500 ms)

AssetImportParameters requested are different than current active one (requested -> active):
  custom:container-demuxer-ogg: 62fdf1f143b41e24485cea50d1cbac27 -> 
  custom:video-codec-MediaFoundation-h265: 746d11721c4dcdbdad8f713fa42b33f4 -> 
  custom:video-decoder-ogg-theora: a1e56fd34408186e4bbccfd4996cb3dc -> 
  custom:framework-win-MediaFoundation: 216162199b28c13a410421893ffa2e32 -> 
  custom:CustomObjectIndexerAttribute: a3ef5dd2817f97addfee359851a9dba5 -> 
  custom:container-demuxer-webm: 4f35f7cbe854078d1ac9338744f61a02 -> 
  custom:container-muxer-webm: aa71ff27fc2769a1b78a27578f13a17b -> 
  custom:video-decoder-webm-vp8: 9c59270c3fd7afecdb556c50c9e8de78 -> 
  custom:SearchIndexIgnoredProperties: e643bd26f0fe6173181afceb89e7c659 -> 
  custom:AudioImporter_EditorPlatform: d09bf68614088b80899f8185d706f6e7 -> 
  custom:video-encoder-webm-vp8: eb34c28f22e8b96e1ab97ce403110664 -> 
  custom:audio-decoder-ogg-vorbis: bf7c407c2cedff20999df2af8eb42d56 -> 
  custom:audio-encoder-webm-vorbis: bf7c407c2cedff20999df2af8eb42d56 -> 
========================================================================
Received Import Request.
  Time since last request: 93389.347990 seconds.
  path: Assets/Kirk_Assets/Materials/PlaceholderBedroomFloor.mat
  artifactKey: Guid(7a77b3417d409b04d9e96164e5705b5a) Importer(815301076,1909f56bfc062723c751e8b465ee728b)
Start importing Assets/Kirk_Assets/Materials/PlaceholderBedroomFloor.mat using Guid(7a77b3417d409b04d9e96164e5705b5a) Importer(815301076,1909f56bfc062723c751e8b465ee728b)  -> (artifact id: '0254f4fa26ea70cd3990c5f629d2c2c7') in 0.005052 seconds
Number of updated asset objects reloaded before import = 0
Number of asset objects unloaded after import = 1
========================================================================
Received Import Request.
  Time since last request: 31.922350 seconds.
  path: Assets/Kirk_Assets/Materials/Placeholders
  artifactKey: Guid(6eec0046ab623c3449c32c1a9bc1e42d) Importer(815301076,1909f56bfc062723c751e8b465ee728b)
Start importing Assets/Kirk_Assets/Materials/Placeholders using Guid(6eec0046ab623c3449c32c1a9bc1e42d) Importer(815301076,1909f56bfc062723c751e8b465ee728b)  -> (artifact id: '7ac830c6eebc4d91e68e6c378fba4e10') in 0.000849 seconds
Number of updated asset objects reloaded before import = 0
Number of asset objects unloaded after import = 0
========================================================================
Received Import Request.
  Time since last request: 10.235059 seconds.
  path: Assets/Kirk_Assets/Materials/Placeholders_And_Debug
  artifactKey: Guid(6eec0046ab623c3449c32c1a9bc1e42d) Importer(815301076,1909f56bfc062723c751e8b465ee728b)
Start importing Assets/Kirk_Assets/Materials/Placeholders_And_Debug using Guid(6eec0046ab623c3449c32c1a9bc1e42d) Importer(815301076,1909f56bfc062723c751e8b465ee728b)  -> (artifact id: '0bbca1b80be55f7b82d01841649ed500') in 0.000522 seconds
Number of updated asset objects reloaded before import = 0
Number of asset objects unloaded after import = 0
========================================================================
Received Import Request.
  Time since last request: 3.595310 seconds.
  path: Assets/Kirk_Assets/Materials/Placeholders_And_Debug/PlaceholderBedroomFloor.mat
  artifactKey: Guid(7a77b3417d409b04d9e96164e5705b5a) Importer(815301076,1909f56bfc062723c751e8b465ee728b)
Start importing Assets/Kirk_Assets/Materials/Placeholders_And_Debug/PlaceholderBedroomFloor.mat using Guid(7a77b3417d409b04d9e96164e5705b5a) Importer(815301076,1909f56bfc062723c751e8b465ee728b)  -> (artifact id: 'b2b10cebc7f8d9e73047e72655a13aaf') in 0.001050 seconds
Number of updated asset objects reloaded before import = 0
Number of asset objects unloaded after import = 1
========================================================================
Received Import Request.
  Time since last request: 18.005774 seconds.
  path: Assets/Kirk_Assets/Materials/Placeholders_And_Debug/PlaceholderBedroomWall.mat
  artifactKey: Guid(c7fd062ee0df7e74bb5de0fce0bb4d74) Importer(815301076,1909f56bfc062723c751e8b465ee728b)
Start importing Assets/Kirk_Assets/Materials/Placeholders_And_Debug/PlaceholderBedroomWall.mat using Guid(c7fd062ee0df7e74bb5de0fce0bb4d74) Importer(815301076,1909f56bfc062723c751e8b465ee728b)  -> (artifact id: '10fd5f1988cf7da5fce403f61dc1babc') in 0.001027 seconds
Number of updated asset objects reloaded before import = 0
Number of asset objects unloaded after import = 1
========================================================================
Received Import Request.
  Time since last request: 135.342579 seconds.
  path: Assets/Kirk_Assets/Materials/Placeholders_And_Debug/PlaceholderBedFrame.mat
  artifactKey: Guid(bd8cc33d0877e224e8ff309a3c3bbd21) Importer(815301076,1909f56bfc062723c751e8b465ee728b)
Start importing Assets/Kirk_Assets/Materials/Placeholders_And_Debug/PlaceholderBedFrame.mat using Guid(bd8cc33d0877e224e8ff309a3c3bbd21) Importer(815301076,1909f56bfc062723c751e8b465ee728b)  -> (artifact id: '5bc84b1e476e025bc98bf6719578a942') in 0.001342 seconds
Number of updated asset objects reloaded before import = 0
Number of asset objects unloaded after import = 1
========================================================================
Received Import Request.
  Time since last request: 67.482104 seconds.
  path: Assets/Kirk_Assets/Materials/Placeholders_And_Debug/PlaceholderBedCover.mat
  artifactKey: Guid(baea2d4a62c256346a77334cfe47e0c4) Importer(815301076,1909f56bfc062723c751e8b465ee728b)
Start importing Assets/Kirk_Assets/Materials/Placeholders_And_Debug/PlaceholderBedCover.mat using Guid(baea2d4a62c256346a77334cfe47e0c4) Importer(815301076,1909f56bfc062723c751e8b465ee728b)  -> (artifact id: 'b6ef11c766e36553887f2932fdfd31d8') in 0.001097 seconds
Number of updated asset objects reloaded before import = 0
Number of asset objects unloaded after import = 1
========================================================================
Received Import Request.
  Time since last request: 74.508430 seconds.
  path: Assets/Kirk_Assets/Materials/Placeholders_And_Debug/PlaceholderBedCover.mat
  artifactKey: Guid(baea2d4a62c256346a77334cfe47e0c4) Importer(815301076,1909f56bfc062723c751e8b465ee728b)
Start importing Assets/Kirk_Assets/Materials/Placeholders_And_Debug/PlaceholderBedCover.mat using Guid(baea2d4a62c256346a77334cfe47e0c4) Importer(815301076,1909f56bfc062723c751e8b465ee728b)  -> (artifact id: '9a747e50b36132bd3bdff842928d63d6') in 0.001129 seconds
Number of updated asset objects reloaded before import = 0
Number of asset objects unloaded after import = 1
========================================================================
Received Import Request.
  Time since last request: 172.918363 seconds.
  path: Assets/Kirk_Assets/Materials/Placeholders_And_Debug/PlaceholderBedroomDoor.mat
  artifactKey: Guid(8ce9b7bbefb41fa4c8e4b52dac4f52d6) Importer(815301076,1909f56bfc062723c751e8b465ee728b)
Start importing Assets/Kirk_Assets/Materials/Placeholders_And_Debug/PlaceholderBedroomDoor.mat using Guid(8ce9b7bbefb41fa4c8e4b52dac4f52d6) Importer(815301076,1909f56bfc062723c751e8b465ee728b)  -> (artifact id: '0b0f8e96d8fb9b0436a81feaaba09520') in 0.001093 seconds
Number of updated asset objects reloaded before import = 0
Number of asset objects unloaded after import = 1
========================================================================
Received Import Request.
  Time since last request: 104.254684 seconds.
  path: Assets/Kirk_Assets/Materials/Placeholders_And_Debug/PlaceholderBedroomDoor.mat
  artifactKey: Guid(8ce9b7bbefb41fa4c8e4b52dac4f52d6) Importer(815301076,1909f56bfc062723c751e8b465ee728b)
Start importing Assets/Kirk_Assets/Materials/Placeholders_And_Debug/PlaceholderBedroomDoor.mat using Guid(8ce9b7bbefb41fa4c8e4b52dac4f52d6) Importer(815301076,1909f56bfc062723c751e8b465ee728b)  -> (artifact id: '38f1d726d6b76ef32a7c4f16a68113ab') in 0.001284 seconds
Number of updated asset objects reloaded before import = 0
Number of asset objects unloaded after import = 1
========================================================================
Received Import Request.
  Time since last request: 548.213552 seconds.
  path: Assets/Kirk_Assets/Textures
  artifactKey: Guid(f7065353ed6e87e4aabf79f47624daca) Importer(815301076,1909f56bfc062723c751e8b465ee728b)
Start importing Assets/Kirk_Assets/Textures using Guid(f7065353ed6e87e4aabf79f47624daca) Importer(815301076,1909f56bfc062723c751e8b465ee728b)  -> (artifact id: '3824df33a4bac23569571c06cb7d2cc6') in 0.000689 seconds
Number of updated asset objects reloaded before import = 0
Number of asset objects unloaded after import = 0
========================================================================
Received Import Request.
  Time since last request: 1.190465 seconds.
  path: Assets/Kirk_Assets/Textures/UI
  artifactKey: Guid(629a7f2d3112adc4f9c6e884e0abaf05) Importer(815301076,1909f56bfc062723c751e8b465ee728b)
Start importing Assets/Kirk_Assets/Textures/UI using Guid(629a7f2d3112adc4f9c6e884e0abaf05) Importer(815301076,1909f56bfc062723c751e8b465ee728b)  -> (artifact id: 'e4e5e054b20ee973f12ac6f8e96ca7e2') in 0.000452 seconds
Number of updated asset objects reloaded before import = 0
Number of asset objects unloaded after import = 0
========================================================================
Received Import Request.
  Time since last request: 0.087975 seconds.
  path: Assets/Kirk_Assets/Textures/UI/Crosshair.psd
  artifactKey: Guid(5ec411994e0cc2945ad52a17bc45f1bf) Importer(815301076,1909f56bfc062723c751e8b465ee728b)
Start importing Assets/Kirk_Assets/Textures/UI/Crosshair.psd using Guid(5ec411994e0cc2945ad52a17bc45f1bf) Importer(815301076,1909f56bfc062723c751e8b465ee728b)  -> (artifact id: '38d055ac35b3e4da345eeff03044fdb8') in 0.002732 seconds
Number of updated asset objects reloaded before import = 0
Number of asset objects unloaded after import = 2
========================================================================
Received Import Request.
  Time since last request: 3.573008 seconds.
  path: Assets/Kirk_Assets/Textures/Particles
  artifactKey: Guid(dc049dfbf63119543972e73e82d334e2) Importer(815301076,1909f56bfc062723c751e8b465ee728b)
Start importing Assets/Kirk_Assets/Textures/Particles using Guid(dc049dfbf63119543972e73e82d334e2) Importer(815301076,1909f56bfc062723c751e8b465ee728b)  -> (artifact id: 'a1866886479477f881ab9ed7ddad2ada') in 0.000608 seconds
Number of updated asset objects reloaded before import = 0
Number of asset objects unloaded after import = 0
========================================================================
Received Import Request.
  Time since last request: 0.113638 seconds.
  path: Assets/Kirk_Assets/Textures/Particles/Sleep_00.png
  artifactKey: Guid(b35242e983aca4d429099f49e2aab63d) Importer(815301076,1909f56bfc062723c751e8b465ee728b)
Start importing Assets/Kirk_Assets/Textures/Particles/Sleep_00.png using Guid(b35242e983aca4d429099f49e2aab63d) Importer(815301076,1909f56bfc062723c751e8b465ee728b)  -> (artifact id: 'f051b6ee1afaf12e66d3631090c2b806') in 0.001705 seconds
Number of updated asset objects reloaded before import = 0
Number of asset objects unloaded after import = 1
========================================================================
Received Import Request.
  Time since last request: 0.000012 seconds.
  path: Assets/Kirk_Assets/Textures/Particles/Sleep_02.png
  artifactKey: Guid(435a5282811914f4794a666d5d15cdfa) Importer(815301076,1909f56bfc062723c751e8b465ee728b)
Start importing Assets/Kirk_Assets/Textures/Particles/Sleep_02.png using Guid(435a5282811914f4794a666d5d15cdfa) Importer(815301076,1909f56bfc062723c751e8b465ee728b)  -> (artifact id: '97bfdebf79e6d7ecca1a66c713237227') in 0.001457 seconds
Number of updated asset objects reloaded before import = 0
Number of asset objects unloaded after import = 1
========================================================================
Received Import Request.
  Time since last request: 9.355479 seconds.
  path: Assets/Kirk_Assets/Textures/Particles/Sleep_00.png
  artifactKey: Guid(b35242e983aca4d429099f49e2aab63d) Importer(815301076,1909f56bfc062723c751e8b465ee728b)
Start importing Assets/Kirk_Assets/Textures/Particles/Sleep_00.png using Guid(b35242e983aca4d429099f49e2aab63d) Importer(815301076,1909f56bfc062723c751e8b465ee728b)  -> (artifact id: '97e331c8d90fd9367d8dc84b686b536c') in 0.001413 seconds
Number of updated asset objects reloaded before import = 0
Number of asset objects unloaded after import = 1
========================================================================
Received Import Request.
  Time since last request: 0.000012 seconds.
  path: Assets/Kirk_Assets/Textures/Particles/Sleep_02.png
  artifactKey: Guid(435a5282811914f4794a666d5d15cdfa) Importer(815301076,1909f56bfc062723c751e8b465ee728b)
Start importing Assets/Kirk_Assets/Textures/Particles/Sleep_02.png using Guid(435a5282811914f4794a666d5d15cdfa) Importer(815301076,1909f56bfc062723c751e8b465ee728b)  -> (artifact id: '2a5642a76f6e8ea4d951238244a8c047') in 0.001110 seconds
Number of updated asset objects reloaded before import = 0
Number of asset objects unloaded after import = 1
========================================================================
Received Import Request.
  Time since last request: 14.637450 seconds.
  path: Assets/Kirk_Assets/Textures/Particles/Materials
  artifactKey: Guid(a0b3366e970319544ae5b5ade069eaa8) Importer(815301076,1909f56bfc062723c751e8b465ee728b)
Start importing Assets/Kirk_Assets/Textures/Particles/Materials using Guid(a0b3366e970319544ae5b5ade069eaa8) Importer(815301076,1909f56bfc062723c751e8b465ee728b)  -> (artifact id: 'f39fb9b66bc0a3173b25466f251915e5') in 0.000473 seconds
Number of updated asset objects reloaded before import = 0
Number of asset objects unloaded after import = 0
========================================================================
Received Import Request.
  Time since last request: 0.079410 seconds.
  path: Assets/Kirk_Assets/Textures/Particles/Materials/Sleep_02.mat
  artifactKey: Guid(66b91be18737c7240816dc5e41eac703) Importer(815301076,1909f56bfc062723c751e8b465ee728b)
Start importing Assets/Kirk_Assets/Textures/Particles/Materials/Sleep_02.mat using Guid(66b91be18737c7240816dc5e41eac703) Importer(815301076,1909f56bfc062723c751e8b465ee728b)  -> (artifact id: '5c6c68a4e0d46548f63918001eb5582c') in 0.000945 seconds
Number of updated asset objects reloaded before import = 0
Number of asset objects unloaded after import = 1
========================================================================
Received Import Request.
  Time since last request: 68.584837 seconds.
  path: Assets/Kirk_Assets/Materials/Decals
  artifactKey: Guid(8f98a27ac1412ad41bef864c728c8e72) Importer(815301076,1909f56bfc062723c751e8b465ee728b)
Start importing Assets/Kirk_Assets/Materials/Decals using Guid(8f98a27ac1412ad41bef864c728c8e72) Importer(815301076,1909f56bfc062723c751e8b465ee728b)  -> (artifact id: 'ecda1af405edde284a638eb414e89987') in 0.000622 seconds
Number of updated asset objects reloaded before import = 0
Number of asset objects unloaded after import = 0
========================================================================
Received Import Request.
  Time since last request: 0.059950 seconds.
  path: Assets/Kirk_Assets/Materials/Decals/Splatter_0.mat
  artifactKey: Guid(3ea10ca2d2435144bb0a6dc36a4a6044) Importer(815301076,1909f56bfc062723c751e8b465ee728b)
Start importing Assets/Kirk_Assets/Materials/Decals/Splatter_0.mat using Guid(3ea10ca2d2435144bb0a6dc36a4a6044) Importer(815301076,1909f56bfc062723c751e8b465ee728b)  -> (artifact id: 'c3c7fd41f19c99216209bc13548b20a9') in 0.001135 seconds
Number of updated asset objects reloaded before import = 0
Number of asset objects unloaded after import = 1
========================================================================
Received Import Request.
  Time since last request: 0.004055 seconds.
  path: Assets/Kirk_Assets/Materials/Decals/Splatter_4.mat
  artifactKey: Guid(fb81bc8eb749bf5418ea6df8c3388d78) Importer(815301076,1909f56bfc062723c751e8b465ee728b)
Start importing Assets/Kirk_Assets/Materials/Decals/Splatter_4.mat using Guid(fb81bc8eb749bf5418ea6df8c3388d78) Importer(815301076,1909f56bfc062723c751e8b465ee728b)  -> (artifact id: '37b30f35a909d7eae8c69d1be08892eb') in 0.001115 seconds
Number of updated asset objects reloaded before import = 0
Number of asset objects unloaded after import = 1
========================================================================
Received Import Request.
  Time since last request: 8.199087 seconds.
  path: Assets/Kirk_Assets/Materials/Particles
  artifactKey: Guid(25654f509294bbb45a94bf1cfde9a3dd) Importer(815301076,1909f56bfc062723c751e8b465ee728b)
Start importing Assets/Kirk_Assets/Materials/Particles using Guid(25654f509294bbb45a94bf1cfde9a3dd) Importer(815301076,1909f56bfc062723c751e8b465ee728b)  -> (artifact id: '6037a4bdbf56ae802f821e0d7dd45196') in 0.000427 seconds
Number of updated asset objects reloaded before import = 0
Number of asset objects unloaded after import = 0
========================================================================
Received Import Request.
  Time since last request: 14.709202 seconds.
  path: Assets/Kirk_Assets/Materials/Particles/Sleep.mat
  artifactKey: Guid(23e98b1b0f8baf7409bff7c4088c7888) Importer(815301076,1909f56bfc062723c751e8b465ee728b)
Start importing Assets/Kirk_Assets/Materials/Particles/Sleep.mat using Guid(23e98b1b0f8baf7409bff7c4088c7888) Importer(815301076,1909f56bfc062723c751e8b465ee728b)  -> (artifact id: '387fd0486d54c8cdbe4a92a054c111ee') in 0.001045 seconds
Number of updated asset objects reloaded before import = 0
Number of asset objects unloaded after import = 1
========================================================================
Received Import Request.
  Time since last request: 10.448959 seconds.
  path: Assets/Kirk_Assets/Textures/Decals/Paint_Splatter_0.png
  artifactKey: Guid(2f02498c93cd55340acbd825e957d356) Importer(815301076,1909f56bfc062723c751e8b465ee728b)
Start importing Assets/Kirk_Assets/Textures/Decals/Paint_Splatter_0.png using Guid(2f02498c93cd55340acbd825e957d356) Importer(815301076,1909f56bfc062723c751e8b465ee728b)  -> (artifact id: '0cbab6b0a4e19170f0d1509f125d4452') in 0.010380 seconds
Number of updated asset objects reloaded before import = 0
Number of asset objects unloaded after import = 1
========================================================================
Received Import Request.
  Time since last request: 0.000016 seconds.
  path: Assets/Kirk_Assets/Textures/Decals/Paint_Splatter_3.png
  artifactKey: Guid(a2af8f78ce8e706439073071ce8f0683) Importer(815301076,1909f56bfc062723c751e8b465ee728b)
Start importing Assets/Kirk_Assets/Textures/Decals/Paint_Splatter_3.png using Guid(a2af8f78ce8e706439073071ce8f0683) Importer(815301076,1909f56bfc062723c751e8b465ee728b)  -> (artifact id: '2c116b0aa6f6a795a2cb9a86bd9af2f2') in 0.007266 seconds
Number of updated asset objects reloaded before import = 0
Number of asset objects unloaded after import = 1
========================================================================
Received Import Request.
  Time since last request: 1.687377 seconds.
  path: Assets/TutorialInfo/Icons/URP.png
  artifactKey: Guid(727a75301c3d24613a3ebcec4a24c2c8) Importer(815301076,1909f56bfc062723c751e8b465ee728b)
Start importing Assets/TutorialInfo/Icons/URP.png using Guid(727a75301c3d24613a3ebcec4a24c2c8) Importer(815301076,1909f56bfc062723c751e8b465ee728b)  -> (artifact id: '403873b4fab900f326b45f1032c1e20a') in 0.001623 seconds
Number of updated asset objects reloaded before import = 0
Number of asset objects unloaded after import = 1
========================================================================
Received Import Request.
  Time since last request: 68.574305 seconds.
  path: Assets/Kirk_Assets/Textures/Particles/Sleep_00.png
  artifactKey: Guid(b35242e983aca4d429099f49e2aab63d) Importer(815301076,1909f56bfc062723c751e8b465ee728b)
Start importing Assets/Kirk_Assets/Textures/Particles/Sleep_00.png using Guid(b35242e983aca4d429099f49e2aab63d) Importer(815301076,1909f56bfc062723c751e8b465ee728b)  -> (artifact id: 'c9e8db2a275259af11d4ea4e2b9be4cc') in 0.001348 seconds
Number of updated asset objects reloaded before import = 0
Number of asset objects unloaded after import = 1
========================================================================
Received Import Request.
  Time since last request: 0.000015 seconds.
  path: Assets/Kirk_Assets/Textures/Particles/Sleep_02.png
  artifactKey: Guid(435a5282811914f4794a666d5d15cdfa) Importer(815301076,1909f56bfc062723c751e8b465ee728b)
Start importing Assets/Kirk_Assets/Textures/Particles/Sleep_02.png using Guid(435a5282811914f4794a666d5d15cdfa) Importer(815301076,1909f56bfc062723c751e8b465ee728b)  -> (artifact id: 'b7673f7d0a6720e6ef9e874a228c8054') in 0.000969 seconds
Number of updated asset objects reloaded before import = 0
Number of asset objects unloaded after import = 1
========================================================================
Received Import Request.
  Time since last request: 147.045250 seconds.
  path: Assets/Kirk_Assets/Textures/Particles/Sleep_00.png
  artifactKey: Guid(b35242e983aca4d429099f49e2aab63d) Importer(815301076,1909f56bfc062723c751e8b465ee728b)
Start importing Assets/Kirk_Assets/Textures/Particles/Sleep_00.png using Guid(b35242e983aca4d429099f49e2aab63d) Importer(815301076,1909f56bfc062723c751e8b465ee728b)  -> (artifact id: 'c0939c1b6e227d8db3fc6aeb5053a5f0') in 0.002722 seconds
Number of updated asset objects reloaded before import = 0
Number of asset objects unloaded after import = 1
========================================================================
Received Import Request.
  Time since last request: 0.000018 seconds.
  path: Assets/Kirk_Assets/Textures/Particles/Sleep_02.png
  artifactKey: Guid(435a5282811914f4794a666d5d15cdfa) Importer(815301076,1909f56bfc062723c751e8b465ee728b)
Start importing Assets/Kirk_Assets/Textures/Particles/Sleep_02.png using Guid(435a5282811914f4794a666d5d15cdfa) Importer(815301076,1909f56bfc062723c751e8b465ee728b)  -> (artifact id: 'ebae161c396a3d8ef93d60d2c36b29bb') in 0.002466 seconds
Number of updated asset objects reloaded before import = 0
Number of asset objects unloaded after import = 1
========================================================================
Received Import Request.
  Time since last request: 6.448484 seconds.
  path: Assets/Kirk_Assets/Textures/Particles/Sleep_00.png
  artifactKey: Guid(b35242e983aca4d429099f49e2aab63d) Importer(815301076,1909f56bfc062723c751e8b465ee728b)
Start importing Assets/Kirk_Assets/Textures/Particles/Sleep_00.png using Guid(b35242e983aca4d429099f49e2aab63d) Importer(815301076,1909f56bfc062723c751e8b465ee728b)  -> (artifact id: 'd6ebd3d23e26ae7db92b6d8979433539') in 0.001449 seconds
Number of updated asset objects reloaded before import = 0
Number of asset objects unloaded after import = 1
========================================================================
Received Import Request.
  Time since last request: 0.000130 seconds.
  path: Assets/Kirk_Assets/Textures/Particles/Sleep_02.png
  artifactKey: Guid(435a5282811914f4794a666d5d15cdfa) Importer(815301076,1909f56bfc062723c751e8b465ee728b)
Start importing Assets/Kirk_Assets/Textures/Particles/Sleep_02.png using Guid(435a5282811914f4794a666d5d15cdfa) Importer(815301076,1909f56bfc062723c751e8b465ee728b)  -> (artifact id: '55650e3611fab31ebc9dfe8e2c70b144') in 0.001152 seconds
Number of updated asset objects reloaded before import = 0
Number of asset objects unloaded after import = 1
========================================================================
Received Import Request.
  Time since last request: 19.764834 seconds.
  path: Packages/com.unity.render-pipelines.universal/Runtime/Materials/ParticlesUnlit.mat
  artifactKey: Guid(e823cd5b5d27c0f4b8256e7c12ee3e6d) Importer(815301076,1909f56bfc062723c751e8b465ee728b)
Start importing Packages/com.unity.render-pipelines.universal/Runtime/Materials/ParticlesUnlit.mat using Guid(e823cd5b5d27c0f4b8256e7c12ee3e6d) Importer(815301076,1909f56bfc062723c751e8b465ee728b)  -> (artifact id: '0b434af9104d5a0bc2d140df4fd8c55d') in 0.000910 seconds
Number of updated asset objects reloaded before import = 0
Number of asset objects unloaded after import = 0
========================================================================
Received Import Request.
  Time since last request: 13.230624 seconds.
  path: Packages/com.unity.render-pipelines.universal/Runtime/Materials/FullscreenInvertColors.mat
  artifactKey: Guid(78a08787ca30045abb69f6f7dd878e09) Importer(815301076,1909f56bfc062723c751e8b465ee728b)
Start importing Packages/com.unity.render-pipelines.universal/Runtime/Materials/FullscreenInvertColors.mat using Guid(78a08787ca30045abb69f6f7dd878e09) Importer(815301076,1909f56bfc062723c751e8b465ee728b)  -> (artifact id: 'e98296f80751d47721db1f209d92fd62') in 0.001695 seconds
Number of updated asset objects reloaded before import = 0
Number of asset objects unloaded after import = 2
========================================================================
Received Import Request.
  Time since last request: 0.005899 seconds.
  path: Packages/com.unity.render-pipelines.universal/Runtime/Materials/PhysicalMaterial3DsMax/PhysicalMaterial3DsMaxTransparent.shadergraph
  artifactKey: Guid(1a207e3bee00db44b940e6f362a8e148) Importer(815301076,1909f56bfc062723c751e8b465ee728b)
Start importing Packages/com.unity.render-pipelines.universal/Runtime/Materials/PhysicalMaterial3DsMax/PhysicalMaterial3DsMaxTransparent.shadergraph using Guid(1a207e3bee00db44b940e6f362a8e148) Importer(815301076,1909f56bfc062723c751e8b465ee728b)  -> (artifact id: 'bd4bf5f5f53a3617e37a3c4eef761f5d') in 0.001950 seconds
Number of updated asset objects reloaded before import = 0
Number of asset objects unloaded after import = 2
========================================================================
Received Import Request.
  Time since last request: 3.086812 seconds.
  path: Packages/com.unity.render-pipelines.universal/Runtime/Materials/SimpleLit.mat
  artifactKey: Guid(6a1143ee683302f4aa628c052723efc1) Importer(815301076,1909f56bfc062723c751e8b465ee728b)
Start importing Packages/com.unity.render-pipelines.universal/Runtime/Materials/SimpleLit.mat using Guid(6a1143ee683302f4aa628c052723efc1) Importer(815301076,1909f56bfc062723c751e8b465ee728b)  -> (artifact id: '74c4208964c000dd758bbeba590f191d') in 0.001078 seconds
Number of updated asset objects reloaded before import = 0
Number of asset objects unloaded after import = 1
========================================================================
Received Import Request.
  Time since last request: 0.592799 seconds.
  path: Packages/com.unity.render-pipelines.universal/Runtime/Materials/SpatialMappingOcclusion.mat
  artifactKey: Guid(b51db210fe78df745a372851b3db949e) Importer(815301076,1909f56bfc062723c751e8b465ee728b)
Start importing Packages/com.unity.render-pipelines.universal/Runtime/Materials/SpatialMappingOcclusion.mat using Guid(b51db210fe78df745a372851b3db949e) Importer(815301076,1909f56bfc062723c751e8b465ee728b)  -> (artifact id: 'ebe51648e36c4d0a8694b0aa9a9edc83') in 0.000991 seconds
Number of updated asset objects reloaded before import = 0
Number of asset objects unloaded after import = 1
========================================================================
Received Import Request.
  Time since last request: 0.000014 seconds.
  path: Packages/com.unity.render-pipelines.universal/Shaders/Nature/SpeedTree8_PBRLit.shadergraph
  artifactKey: Guid(9920c1f1781549a46ba081a2a15a16ec) Importer(815301076,1909f56bfc062723c751e8b465ee728b)
Start importing Packages/com.unity.render-pipelines.universal/Shaders/Nature/SpeedTree8_PBRLit.shadergraph using Guid(9920c1f1781549a46ba081a2a15a16ec) Importer(815301076,1909f56bfc062723c751e8b465ee728b)  -> (artifact id: '8e04f3bc781414f72c3109b4b0a41819') in 0.001436 seconds
Number of updated asset objects reloaded before import = 0
Number of asset objects unloaded after import = 1
========================================================================
Received Prepare
Begin MonoManager ReloadAssembly
Symbol file LoadedFromMemory doesn't match image C:\Users\Semfh\Documents\GitHub\TheArtisticNightmare\TheArtisticNightmare\Library\PackageCache\com.unity.visualscripting@1.8.0\Editor\VisualScripting.Core\Dependencies\YamlDotNet\Unity.VisualScripting.YamlDotNet.dll
Symbol file LoadedFromMemory doesn't match image C:\Users\Semfh\Documents\GitHub\TheArtisticNightmare\TheArtisticNightmare\Library\PackageCache\com.unity.visualscripting@1.8.0\Editor\VisualScripting.Core\Dependencies\DotNetZip\Unity.VisualScripting.IonicZip.dll
- Loaded All Assemblies, in  0.338 seconds
Refreshing native plugins compatible for Editor in 2.54 ms, found 3 plugins.
Native extension for WindowsStandalone target not found
Mono: successfully reloaded assembly
- Finished resetting the current domain, in  0.796 seconds
Domain Reload Profiling: 1132ms
	BeginReloadAssembly (118ms)
		ExecutionOrderSort (0ms)
		DisableScriptedObjects (3ms)
		BackupInstance (0ms)
		ReleaseScriptingObjects (0ms)
		CreateAndSetChildDomain (32ms)
	RebuildCommonClasses (21ms)
	RebuildNativeTypeToScriptingClass (7ms)
	initialDomainReloadingComplete (22ms)
	LoadAllAssembliesAndSetupDomain (169ms)
		LoadAssemblies (199ms)
		RebuildTransferFunctionScriptingTraits (0ms)
		AnalyzeDomain (27ms)
			TypeCache.Refresh (7ms)
				TypeCache.ScanAssembly (0ms)
			ScanForSourceGeneratedMonoScriptInfo (14ms)
			ResolveRequiredComponents (6ms)
	FinalizeReload (796ms)
		ReleaseScriptCaches (0ms)
		RebuildScriptCaches (0ms)
		SetupLoadedEditorAssemblies (282ms)
			LogAssemblyErrors (0ms)
			InitializePlatformSupportModulesInManaged (5ms)
			SetLoadedEditorAssemblies (3ms)
			RefreshPlugins (0ms)
			BeforeProcessingInitializeOnLoad (54ms)
			ProcessInitializeOnLoadAttributes (175ms)
			ProcessInitializeOnLoadMethodAttributes (42ms)
			AfterProcessingInitializeOnLoad (4ms)
			EditorAssembliesLoaded (0ms)
		ExecutionOrderSort2 (0ms)
		AwakeInstancesAfterBackupRestoration (11ms)
Refreshing native plugins compatible for Editor in 3.07 ms, found 3 plugins.
Preloading 0 native plugins for Editor in 0.00 ms.
Unloading 4765 Unused Serialized files (Serialized files now loaded: 0)
Unloading 39 unused Assets / (318.1 KB). Loaded Objects now: 5380.
Memory consumption went from 168.0 MB to 167.6 MB.
Total: 2.428500 ms (FindLiveObjects: 0.248800 ms CreateObjectMapping: 0.149300 ms MarkObjects: 1.948500 ms  DeleteObjects: 0.081100 ms)

Prepare: number of updated asset objects reloaded= 0
AssetImportParameters requested are different than current active one (requested -> active):
  custom:container-demuxer-ogg: 62fdf1f143b41e24485cea50d1cbac27 -> 
  custom:video-codec-MediaFoundation-h265: 746d11721c4dcdbdad8f713fa42b33f4 -> 
  custom:video-decoder-ogg-theora: a1e56fd34408186e4bbccfd4996cb3dc -> 
  custom:framework-win-MediaFoundation: 216162199b28c13a410421893ffa2e32 -> 
  custom:CustomObjectIndexerAttribute: a3ef5dd2817f97addfee359851a9dba5 -> 
  custom:container-demuxer-webm: 4f35f7cbe854078d1ac9338744f61a02 -> 
  custom:container-muxer-webm: aa71ff27fc2769a1b78a27578f13a17b -> 
  custom:video-decoder-webm-vp8: 9c59270c3fd7afecdb556c50c9e8de78 -> 
  custom:SearchIndexIgnoredProperties: e643bd26f0fe6173181afceb89e7c659 -> 
  custom:AudioImporter_EditorPlatform: d09bf68614088b80899f8185d706f6e7 -> 
  custom:video-encoder-webm-vp8: eb34c28f22e8b96e1ab97ce403110664 -> 
  custom:audio-decoder-ogg-vorbis: bf7c407c2cedff20999df2af8eb42d56 -> 
  custom:audio-encoder-webm-vorbis: bf7c407c2cedff20999df2af8eb42d56 -> 
========================================================================
Received Prepare
Begin MonoManager ReloadAssembly
Symbol file LoadedFromMemory doesn't match image C:\Users\Semfh\Documents\GitHub\TheArtisticNightmare\TheArtisticNightmare\Library\PackageCache\com.unity.visualscripting@1.8.0\Editor\VisualScripting.Core\Dependencies\YamlDotNet\Unity.VisualScripting.YamlDotNet.dll
Symbol file LoadedFromMemory doesn't match image C:\Users\Semfh\Documents\GitHub\TheArtisticNightmare\TheArtisticNightmare\Library\PackageCache\com.unity.visualscripting@1.8.0\Editor\VisualScripting.Core\Dependencies\DotNetZip\Unity.VisualScripting.IonicZip.dll
- Loaded All Assemblies, in  0.325 seconds
Refreshing native plugins compatible for Editor in 2.59 ms, found 3 plugins.
Native extension for WindowsStandalone target not found
Mono: successfully reloaded assembly
- Finished resetting the current domain, in  0.716 seconds
Domain Reload Profiling: 1038ms
	BeginReloadAssembly (115ms)
		ExecutionOrderSort (0ms)
		DisableScriptedObjects (2ms)
		BackupInstance (0ms)
		ReleaseScriptingObjects (0ms)
		CreateAndSetChildDomain (28ms)
	RebuildCommonClasses (21ms)
	RebuildNativeTypeToScriptingClass (7ms)
	initialDomainReloadingComplete (21ms)
	LoadAllAssembliesAndSetupDomain (158ms)
		LoadAssemblies (189ms)
		RebuildTransferFunctionScriptingTraits (0ms)
		AnalyzeDomain (27ms)
			TypeCache.Refresh (7ms)
				TypeCache.ScanAssembly (0ms)
			ScanForSourceGeneratedMonoScriptInfo (13ms)
			ResolveRequiredComponents (6ms)
	FinalizeReload (716ms)
		ReleaseScriptCaches (0ms)
		RebuildScriptCaches (0ms)
		SetupLoadedEditorAssemblies (274ms)
			LogAssemblyErrors (0ms)
			InitializePlatformSupportModulesInManaged (4ms)
			SetLoadedEditorAssemblies (2ms)
			RefreshPlugins (0ms)
			BeforeProcessingInitializeOnLoad (48ms)
			ProcessInitializeOnLoadAttributes (169ms)
			ProcessInitializeOnLoadMethodAttributes (46ms)
			AfterProcessingInitializeOnLoad (5ms)
			EditorAssembliesLoaded (0ms)
		ExecutionOrderSort2 (0ms)
		AwakeInstancesAfterBackupRestoration (13ms)
Refreshing native plugins compatible for Editor in 4.60 ms, found 3 plugins.
Preloading 0 native plugins for Editor in 0.00 ms.
Unloading 4765 Unused Serialized files (Serialized files now loaded: 0)
Unloading 39 unused Assets / (318.1 KB). Loaded Objects now: 5384.
Memory consumption went from 168.0 MB to 167.6 MB.
Total: 2.569600 ms (FindLiveObjects: 0.258300 ms CreateObjectMapping: 0.151900 ms MarkObjects: 2.067700 ms  DeleteObjects: 0.090400 ms)

Prepare: number of updated asset objects reloaded= 0
AssetImportParameters requested are different than current active one (requested -> active):
  custom:container-demuxer-ogg: 62fdf1f143b41e24485cea50d1cbac27 -> 
  custom:video-codec-MediaFoundation-h265: 746d11721c4dcdbdad8f713fa42b33f4 -> 
  custom:video-decoder-ogg-theora: a1e56fd34408186e4bbccfd4996cb3dc -> 
  custom:framework-win-MediaFoundation: 216162199b28c13a410421893ffa2e32 -> 
  custom:CustomObjectIndexerAttribute: a3ef5dd2817f97addfee359851a9dba5 -> 
  custom:container-demuxer-webm: 4f35f7cbe854078d1ac9338744f61a02 -> 
  custom:container-muxer-webm: aa71ff27fc2769a1b78a27578f13a17b -> 
  custom:video-decoder-webm-vp8: 9c59270c3fd7afecdb556c50c9e8de78 -> 
  custom:SearchIndexIgnoredProperties: e643bd26f0fe6173181afceb89e7c659 -> 
  custom:AudioImporter_EditorPlatform: d09bf68614088b80899f8185d706f6e7 -> 
  custom:video-encoder-webm-vp8: eb34c28f22e8b96e1ab97ce403110664 -> 
  custom:audio-decoder-ogg-vorbis: bf7c407c2cedff20999df2af8eb42d56 -> 
  custom:audio-encoder-webm-vorbis: bf7c407c2cedff20999df2af8eb42d56 -> 
========================================================================
Received Prepare
Begin MonoManager ReloadAssembly
Symbol file LoadedFromMemory doesn't match image C:\Users\Semfh\Documents\GitHub\TheArtisticNightmare\TheArtisticNightmare\Library\PackageCache\com.unity.visualscripting@1.8.0\Editor\VisualScripting.Core\Dependencies\YamlDotNet\Unity.VisualScripting.YamlDotNet.dll
Symbol file LoadedFromMemory doesn't match image C:\Users\Semfh\Documents\GitHub\TheArtisticNightmare\TheArtisticNightmare\Library\PackageCache\com.unity.visualscripting@1.8.0\Editor\VisualScripting.Core\Dependencies\DotNetZip\Unity.VisualScripting.IonicZip.dll
- Loaded All Assemblies, in  0.588 seconds
Refreshing native plugins compatible for Editor in 17.34 ms, found 3 plugins.
Native extension for WindowsStandalone target not found
Mono: successfully reloaded assembly
- Finished resetting the current domain, in  1.472 seconds
Domain Reload Profiling: 2056ms
	BeginReloadAssembly (181ms)
		ExecutionOrderSort (0ms)
		DisableScriptedObjects (5ms)
		BackupInstance (0ms)
		ReleaseScriptingObjects (0ms)
		CreateAndSetChildDomain (37ms)
	RebuildCommonClasses (38ms)
	RebuildNativeTypeToScriptingClass (13ms)
	initialDomainReloadingComplete (38ms)
	LoadAllAssembliesAndSetupDomain (313ms)
		LoadAssemblies (361ms)
		RebuildTransferFunctionScriptingTraits (0ms)
		AnalyzeDomain (53ms)
			TypeCache.Refresh (12ms)
				TypeCache.ScanAssembly (0ms)
			ScanForSourceGeneratedMonoScriptInfo (22ms)
			ResolveRequiredComponents (18ms)
	FinalizeReload (1473ms)
		ReleaseScriptCaches (0ms)
		RebuildScriptCaches (0ms)
		SetupLoadedEditorAssemblies (461ms)
			LogAssemblyErrors (0ms)
			InitializePlatformSupportModulesInManaged (7ms)
			SetLoadedEditorAssemblies (3ms)
			RefreshPlugins (0ms)
			BeforeProcessingInitializeOnLoad (85ms)
			ProcessInitializeOnLoadAttributes (268ms)
			ProcessInitializeOnLoadMethodAttributes (79ms)
			AfterProcessingInitializeOnLoad (18ms)
			EditorAssembliesLoaded (0ms)
		ExecutionOrderSort2 (0ms)
		AwakeInstancesAfterBackupRestoration (24ms)
Refreshing native plugins compatible for Editor in 2.64 ms, found 3 plugins.
Preloading 0 native plugins for Editor in 0.00 ms.
Unloading 4765 Unused Serialized files (Serialized files now loaded: 0)
Unloading 39 unused Assets / (318.1 KB). Loaded Objects now: 5388.
Memory consumption went from 168.0 MB to 167.6 MB.
Total: 2.596800 ms (FindLiveObjects: 0.239500 ms CreateObjectMapping: 0.127900 ms MarkObjects: 2.067900 ms  DeleteObjects: 0.160400 ms)

Prepare: number of updated asset objects reloaded= 0
AssetImportParameters requested are different than current active one (requested -> active):
  custom:container-demuxer-ogg: 62fdf1f143b41e24485cea50d1cbac27 -> 
  custom:video-codec-MediaFoundation-h265: 746d11721c4dcdbdad8f713fa42b33f4 -> 
  custom:video-decoder-ogg-theora: a1e56fd34408186e4bbccfd4996cb3dc -> 
  custom:framework-win-MediaFoundation: 216162199b28c13a410421893ffa2e32 -> 
  custom:CustomObjectIndexerAttribute: a3ef5dd2817f97addfee359851a9dba5 -> 
  custom:container-demuxer-webm: 4f35f7cbe854078d1ac9338744f61a02 -> 
  custom:container-muxer-webm: aa71ff27fc2769a1b78a27578f13a17b -> 
  custom:video-decoder-webm-vp8: 9c59270c3fd7afecdb556c50c9e8de78 -> 
  custom:SearchIndexIgnoredProperties: e643bd26f0fe6173181afceb89e7c659 -> 
  custom:AudioImporter_EditorPlatform: d09bf68614088b80899f8185d706f6e7 -> 
  custom:video-encoder-webm-vp8: eb34c28f22e8b96e1ab97ce403110664 -> 
  custom:audio-decoder-ogg-vorbis: bf7c407c2cedff20999df2af8eb42d56 -> 
  custom:audio-encoder-webm-vorbis: bf7c407c2cedff20999df2af8eb42d56 -> 
========================================================================
Received Prepare
Begin MonoManager ReloadAssembly
Symbol file LoadedFromMemory doesn't match image C:\Users\Semfh\Documents\GitHub\TheArtisticNightmare\TheArtisticNightmare\Library\PackageCache\com.unity.visualscripting@1.8.0\Editor\VisualScripting.Core\Dependencies\YamlDotNet\Unity.VisualScripting.YamlDotNet.dll
Symbol file LoadedFromMemory doesn't match image C:\Users\Semfh\Documents\GitHub\TheArtisticNightmare\TheArtisticNightmare\Library\PackageCache\com.unity.visualscripting@1.8.0\Editor\VisualScripting.Core\Dependencies\DotNetZip\Unity.VisualScripting.IonicZip.dll
- Loaded All Assemblies, in  0.606 seconds
Refreshing native plugins compatible for Editor in 6.36 ms, found 3 plugins.
Native extension for WindowsStandalone target not found
Mono: successfully reloaded assembly
- Finished resetting the current domain, in  1.620 seconds
Domain Reload Profiling: 2219ms
	BeginReloadAssembly (177ms)
		ExecutionOrderSort (0ms)
		DisableScriptedObjects (5ms)
		BackupInstance (0ms)
		ReleaseScriptingObjects (0ms)
		CreateAndSetChildDomain (37ms)
	RebuildCommonClasses (36ms)
	RebuildNativeTypeToScriptingClass (14ms)
	initialDomainReloadingComplete (50ms)
	LoadAllAssembliesAndSetupDomain (322ms)
		LoadAssemblies (373ms)
		RebuildTransferFunctionScriptingTraits (0ms)
		AnalyzeDomain (47ms)
			TypeCache.Refresh (11ms)
				TypeCache.ScanAssembly (0ms)
			ScanForSourceGeneratedMonoScriptInfo (22ms)
			ResolveRequiredComponents (12ms)
	FinalizeReload (1620ms)
		ReleaseScriptCaches (0ms)
		RebuildScriptCaches (0ms)
		SetupLoadedEditorAssemblies (500ms)
			LogAssemblyErrors (0ms)
			InitializePlatformSupportModulesInManaged (9ms)
			SetLoadedEditorAssemblies (5ms)
			RefreshPlugins (0ms)
			BeforeProcessingInitializeOnLoad (91ms)
			ProcessInitializeOnLoadAttributes (297ms)
			ProcessInitializeOnLoadMethodAttributes (86ms)
			AfterProcessingInitializeOnLoad (10ms)
			EditorAssembliesLoaded (0ms)
		ExecutionOrderSort2 (0ms)
		AwakeInstancesAfterBackupRestoration (22ms)
Refreshing native plugins compatible for Editor in 5.96 ms, found 3 plugins.
Preloading 0 native plugins for Editor in 0.00 ms.
Unloading 4766 Unused Serialized files (Serialized files now loaded: 0)
Unloading 39 unused Assets / (318.1 KB). Loaded Objects now: 5393.
Memory consumption went from 168.0 MB to 167.7 MB.
Total: 5.343100 ms (FindLiveObjects: 1.466900 ms CreateObjectMapping: 0.312600 ms MarkObjects: 3.428800 ms  DeleteObjects: 0.132900 ms)

Prepare: number of updated asset objects reloaded= 0
AssetImportParameters requested are different than current active one (requested -> active):
  custom:container-demuxer-ogg: 62fdf1f143b41e24485cea50d1cbac27 -> 
  custom:video-codec-MediaFoundation-h265: 746d11721c4dcdbdad8f713fa42b33f4 -> 
  custom:video-decoder-ogg-theora: a1e56fd34408186e4bbccfd4996cb3dc -> 
  custom:framework-win-MediaFoundation: 216162199b28c13a410421893ffa2e32 -> 
  custom:CustomObjectIndexerAttribute: a3ef5dd2817f97addfee359851a9dba5 -> 
  custom:container-demuxer-webm: 4f35f7cbe854078d1ac9338744f61a02 -> 
  custom:container-muxer-webm: aa71ff27fc2769a1b78a27578f13a17b -> 
  custom:video-decoder-webm-vp8: 9c59270c3fd7afecdb556c50c9e8de78 -> 
  custom:SearchIndexIgnoredProperties: e643bd26f0fe6173181afceb89e7c659 -> 
  custom:AudioImporter_EditorPlatform: d09bf68614088b80899f8185d706f6e7 -> 
  custom:video-encoder-webm-vp8: eb34c28f22e8b96e1ab97ce403110664 -> 
  custom:audio-decoder-ogg-vorbis: bf7c407c2cedff20999df2af8eb42d56 -> 
  custom:audio-encoder-webm-vorbis: bf7c407c2cedff20999df2af8eb42d56 -> 
========================================================================
Received Import Request.
  Time since last request: 1198.296412 seconds.
  path: Assets/Kirk_Assets/Scripts/Menu_Interactables/Bed.cs
  artifactKey: Guid(2ca913e753597774ea2281088faf7350) Importer(815301076,1909f56bfc062723c751e8b465ee728b)
Start importing Assets/Kirk_Assets/Scripts/Menu_Interactables/Bed.cs using Guid(2ca913e753597774ea2281088faf7350) Importer(815301076,1909f56bfc062723c751e8b465ee728b)  -> (artifact id: '656fb7061285ef4089edf1b8f43a8449') in 0.053130 seconds
Number of updated asset objects reloaded before import = 0
Number of asset objects unloaded after import = 0
========================================================================
Received Prepare
Begin MonoManager ReloadAssembly
Symbol file LoadedFromMemory doesn't match image C:\Users\Semfh\Documents\GitHub\TheArtisticNightmare\TheArtisticNightmare\Library\PackageCache\com.unity.visualscripting@1.8.0\Editor\VisualScripting.Core\Dependencies\YamlDotNet\Unity.VisualScripting.YamlDotNet.dll
Symbol file LoadedFromMemory doesn't match image C:\Users\Semfh\Documents\GitHub\TheArtisticNightmare\TheArtisticNightmare\Library\PackageCache\com.unity.visualscripting@1.8.0\Editor\VisualScripting.Core\Dependencies\DotNetZip\Unity.VisualScripting.IonicZip.dll
- Loaded All Assemblies, in  0.610 seconds
Refreshing native plugins compatible for Editor in 12.58 ms, found 3 plugins.
Native extension for WindowsStandalone target not found
Mono: successfully reloaded assembly
- Finished resetting the current domain, in  1.511 seconds
Domain Reload Profiling: 2114ms
	BeginReloadAssembly (185ms)
		ExecutionOrderSort (0ms)
		DisableScriptedObjects (6ms)
		BackupInstance (0ms)
		ReleaseScriptingObjects (0ms)
		CreateAndSetChildDomain (40ms)
	RebuildCommonClasses (47ms)
	RebuildNativeTypeToScriptingClass (13ms)
	initialDomainReloadingComplete (42ms)
	LoadAllAssembliesAndSetupDomain (314ms)
		LoadAssemblies (369ms)
		RebuildTransferFunctionScriptingTraits (0ms)
		AnalyzeDomain (51ms)
			TypeCache.Refresh (12ms)
				TypeCache.ScanAssembly (1ms)
			ScanForSourceGeneratedMonoScriptInfo (23ms)
			ResolveRequiredComponents (14ms)
	FinalizeReload (1512ms)
		ReleaseScriptCaches (0ms)
		RebuildScriptCaches (0ms)
		SetupLoadedEditorAssemblies (515ms)
			LogAssemblyErrors (0ms)
			InitializePlatformSupportModulesInManaged (8ms)
			SetLoadedEditorAssemblies (6ms)
			RefreshPlugins (0ms)
			BeforeProcessingInitializeOnLoad (96ms)
			ProcessInitializeOnLoadAttributes (317ms)
			ProcessInitializeOnLoadMethodAttributes (77ms)
			AfterProcessingInitializeOnLoad (11ms)
			EditorAssembliesLoaded (0ms)
		ExecutionOrderSort2 (0ms)
		AwakeInstancesAfterBackupRestoration (24ms)
Refreshing native plugins compatible for Editor in 2.54 ms, found 3 plugins.
Preloading 0 native plugins for Editor in 0.00 ms.
Unloading 4766 Unused Serialized files (Serialized files now loaded: 0)
Unloading 39 unused Assets / (318.1 KB). Loaded Objects now: 5397.
Memory consumption went from 168.0 MB to 167.7 MB.
Total: 2.571800 ms (FindLiveObjects: 0.273000 ms CreateObjectMapping: 0.156600 ms MarkObjects: 2.053700 ms  DeleteObjects: 0.087600 ms)

Prepare: number of updated asset objects reloaded= 0
AssetImportParameters requested are different than current active one (requested -> active):
  custom:container-demuxer-ogg: 62fdf1f143b41e24485cea50d1cbac27 -> 
  custom:video-codec-MediaFoundation-h265: 746d11721c4dcdbdad8f713fa42b33f4 -> 
  custom:video-decoder-ogg-theora: a1e56fd34408186e4bbccfd4996cb3dc -> 
  custom:framework-win-MediaFoundation: 216162199b28c13a410421893ffa2e32 -> 
  custom:CustomObjectIndexerAttribute: a3ef5dd2817f97addfee359851a9dba5 -> 
  custom:container-demuxer-webm: 4f35f7cbe854078d1ac9338744f61a02 -> 
  custom:container-muxer-webm: aa71ff27fc2769a1b78a27578f13a17b -> 
  custom:video-decoder-webm-vp8: 9c59270c3fd7afecdb556c50c9e8de78 -> 
  custom:SearchIndexIgnoredProperties: e643bd26f0fe6173181afceb89e7c659 -> 
  custom:AudioImporter_EditorPlatform: d09bf68614088b80899f8185d706f6e7 -> 
  custom:video-encoder-webm-vp8: eb34c28f22e8b96e1ab97ce403110664 -> 
  custom:audio-decoder-ogg-vorbis: bf7c407c2cedff20999df2af8eb42d56 -> 
  custom:audio-encoder-webm-vorbis: bf7c407c2cedff20999df2af8eb42d56 -> 
========================================================================
Received Prepare
Begin MonoManager ReloadAssembly
Symbol file LoadedFromMemory doesn't match image C:\Users\Semfh\Documents\GitHub\TheArtisticNightmare\TheArtisticNightmare\Library\PackageCache\com.unity.visualscripting@1.8.0\Editor\VisualScripting.Core\Dependencies\YamlDotNet\Unity.VisualScripting.YamlDotNet.dll
Symbol file LoadedFromMemory doesn't match image C:\Users\Semfh\Documents\GitHub\TheArtisticNightmare\TheArtisticNightmare\Library\PackageCache\com.unity.visualscripting@1.8.0\Editor\VisualScripting.Core\Dependencies\DotNetZip\Unity.VisualScripting.IonicZip.dll
- Loaded All Assemblies, in  0.325 seconds
Refreshing native plugins compatible for Editor in 2.68 ms, found 3 plugins.
Native extension for WindowsStandalone target not found
Mono: successfully reloaded assembly
- Finished resetting the current domain, in  0.752 seconds
Domain Reload Profiling: 1075ms
	BeginReloadAssembly (111ms)
		ExecutionOrderSort (0ms)
		DisableScriptedObjects (2ms)
		BackupInstance (0ms)
		ReleaseScriptingObjects (0ms)
		CreateAndSetChildDomain (26ms)
	RebuildCommonClasses (20ms)
	RebuildNativeTypeToScriptingClass (7ms)
	initialDomainReloadingComplete (20ms)
	LoadAllAssembliesAndSetupDomain (164ms)
		LoadAssemblies (195ms)
		RebuildTransferFunctionScriptingTraits (0ms)
		AnalyzeDomain (28ms)
			TypeCache.Refresh (7ms)
				TypeCache.ScanAssembly (0ms)
			ScanForSourceGeneratedMonoScriptInfo (13ms)
			ResolveRequiredComponents (7ms)
	FinalizeReload (752ms)
		ReleaseScriptCaches (0ms)
		RebuildScriptCaches (0ms)
		SetupLoadedEditorAssemblies (282ms)
			LogAssemblyErrors (0ms)
			InitializePlatformSupportModulesInManaged (5ms)
			SetLoadedEditorAssemblies (3ms)
			RefreshPlugins (0ms)
			BeforeProcessingInitializeOnLoad (49ms)
			ProcessInitializeOnLoadAttributes (178ms)
			ProcessInitializeOnLoadMethodAttributes (43ms)
			AfterProcessingInitializeOnLoad (5ms)
			EditorAssembliesLoaded (0ms)
		ExecutionOrderSort2 (0ms)
		AwakeInstancesAfterBackupRestoration (12ms)
Refreshing native plugins compatible for Editor in 2.38 ms, found 3 plugins.
Preloading 0 native plugins for Editor in 0.00 ms.
Unloading 4766 Unused Serialized files (Serialized files now loaded: 0)
Unloading 39 unused Assets / (318.1 KB). Loaded Objects now: 5401.
Memory consumption went from 168.0 MB to 167.7 MB.
Total: 2.480700 ms (FindLiveObjects: 0.252000 ms CreateObjectMapping: 0.134400 ms MarkObjects: 2.015500 ms  DeleteObjects: 0.077500 ms)

Prepare: number of updated asset objects reloaded= 0
AssetImportParameters requested are different than current active one (requested -> active):
  custom:container-demuxer-ogg: 62fdf1f143b41e24485cea50d1cbac27 -> 
  custom:video-codec-MediaFoundation-h265: 746d11721c4dcdbdad8f713fa42b33f4 -> 
  custom:video-decoder-ogg-theora: a1e56fd34408186e4bbccfd4996cb3dc -> 
  custom:framework-win-MediaFoundation: 216162199b28c13a410421893ffa2e32 -> 
  custom:CustomObjectIndexerAttribute: a3ef5dd2817f97addfee359851a9dba5 -> 
  custom:container-demuxer-webm: 4f35f7cbe854078d1ac9338744f61a02 -> 
  custom:container-muxer-webm: aa71ff27fc2769a1b78a27578f13a17b -> 
  custom:video-decoder-webm-vp8: 9c59270c3fd7afecdb556c50c9e8de78 -> 
  custom:SearchIndexIgnoredProperties: e643bd26f0fe6173181afceb89e7c659 -> 
  custom:AudioImporter_EditorPlatform: d09bf68614088b80899f8185d706f6e7 -> 
  custom:video-encoder-webm-vp8: eb34c28f22e8b96e1ab97ce403110664 -> 
  custom:audio-decoder-ogg-vorbis: bf7c407c2cedff20999df2af8eb42d56 -> 
  custom:audio-encoder-webm-vorbis: bf7c407c2cedff20999df2af8eb42d56 -> 
========================================================================
Received Prepare
Begin MonoManager ReloadAssembly
Symbol file LoadedFromMemory doesn't match image C:\Users\Semfh\Documents\GitHub\TheArtisticNightmare\TheArtisticNightmare\Library\PackageCache\com.unity.visualscripting@1.8.0\Editor\VisualScripting.Core\Dependencies\YamlDotNet\Unity.VisualScripting.YamlDotNet.dll
Symbol file LoadedFromMemory doesn't match image C:\Users\Semfh\Documents\GitHub\TheArtisticNightmare\TheArtisticNightmare\Library\PackageCache\com.unity.visualscripting@1.8.0\Editor\VisualScripting.Core\Dependencies\DotNetZip\Unity.VisualScripting.IonicZip.dll
- Loaded All Assemblies, in  0.357 seconds
Refreshing native plugins compatible for Editor in 3.08 ms, found 3 plugins.
Native extension for WindowsStandalone target not found
Mono: successfully reloaded assembly
- Finished resetting the current domain, in  0.754 seconds
Domain Reload Profiling: 1108ms
	BeginReloadAssembly (118ms)
		ExecutionOrderSort (0ms)
		DisableScriptedObjects (2ms)
		BackupInstance (0ms)
		ReleaseScriptingObjects (0ms)
		CreateAndSetChildDomain (29ms)
	RebuildCommonClasses (23ms)
	RebuildNativeTypeToScriptingClass (7ms)
	initialDomainReloadingComplete (24ms)
	LoadAllAssembliesAndSetupDomain (182ms)
		LoadAssemblies (214ms)
		RebuildTransferFunctionScriptingTraits (0ms)
		AnalyzeDomain (30ms)
			TypeCache.Refresh (9ms)
				TypeCache.ScanAssembly (0ms)
			ScanForSourceGeneratedMonoScriptInfo (14ms)
			ResolveRequiredComponents (7ms)
	FinalizeReload (754ms)
		ReleaseScriptCaches (0ms)
		RebuildScriptCaches (0ms)
		SetupLoadedEditorAssemblies (278ms)
			LogAssemblyErrors (0ms)
			InitializePlatformSupportModulesInManaged (5ms)
			SetLoadedEditorAssemblies (2ms)
			RefreshPlugins (0ms)
			BeforeProcessingInitializeOnLoad (53ms)
			ProcessInitializeOnLoadAttributes (169ms)
			ProcessInitializeOnLoadMethodAttributes (44ms)
			AfterProcessingInitializeOnLoad (5ms)
			EditorAssembliesLoaded (0ms)
		ExecutionOrderSort2 (0ms)
		AwakeInstancesAfterBackupRestoration (12ms)
Refreshing native plugins compatible for Editor in 2.43 ms, found 3 plugins.
Preloading 0 native plugins for Editor in 0.00 ms.
Unloading 4766 Unused Serialized files (Serialized files now loaded: 0)
Unloading 39 unused Assets / (318.1 KB). Loaded Objects now: 5405.
Memory consumption went from 168.0 MB to 167.7 MB.
Total: 2.446400 ms (FindLiveObjects: 0.257000 ms CreateObjectMapping: 0.128900 ms MarkObjects: 1.974300 ms  DeleteObjects: 0.085300 ms)

Prepare: number of updated asset objects reloaded= 0
AssetImportParameters requested are different than current active one (requested -> active):
  custom:container-demuxer-ogg: 62fdf1f143b41e24485cea50d1cbac27 -> 
  custom:video-codec-MediaFoundation-h265: 746d11721c4dcdbdad8f713fa42b33f4 -> 
  custom:video-decoder-ogg-theora: a1e56fd34408186e4bbccfd4996cb3dc -> 
  custom:framework-win-MediaFoundation: 216162199b28c13a410421893ffa2e32 -> 
  custom:CustomObjectIndexerAttribute: a3ef5dd2817f97addfee359851a9dba5 -> 
  custom:container-demuxer-webm: 4f35f7cbe854078d1ac9338744f61a02 -> 
  custom:container-muxer-webm: aa71ff27fc2769a1b78a27578f13a17b -> 
  custom:video-decoder-webm-vp8: 9c59270c3fd7afecdb556c50c9e8de78 -> 
  custom:SearchIndexIgnoredProperties: e643bd26f0fe6173181afceb89e7c659 -> 
  custom:AudioImporter_EditorPlatform: d09bf68614088b80899f8185d706f6e7 -> 
  custom:video-encoder-webm-vp8: eb34c28f22e8b96e1ab97ce403110664 -> 
  custom:audio-decoder-ogg-vorbis: bf7c407c2cedff20999df2af8eb42d56 -> 
  custom:audio-encoder-webm-vorbis: bf7c407c2cedff20999df2af8eb42d56 -> 
========================================================================
Received Prepare
Begin MonoManager ReloadAssembly
Symbol file LoadedFromMemory doesn't match image C:\Users\Semfh\Documents\GitHub\TheArtisticNightmare\TheArtisticNightmare\Library\PackageCache\com.unity.visualscripting@1.8.0\Editor\VisualScripting.Core\Dependencies\YamlDotNet\Unity.VisualScripting.YamlDotNet.dll
Symbol file LoadedFromMemory doesn't match image C:\Users\Semfh\Documents\GitHub\TheArtisticNightmare\TheArtisticNightmare\Library\PackageCache\com.unity.visualscripting@1.8.0\Editor\VisualScripting.Core\Dependencies\DotNetZip\Unity.VisualScripting.IonicZip.dll
- Loaded All Assemblies, in  0.612 seconds
Refreshing native plugins compatible for Editor in 7.85 ms, found 3 plugins.
Native extension for WindowsStandalone target not found
Mono: successfully reloaded assembly
- Finished resetting the current domain, in  1.626 seconds
Domain Reload Profiling: 2233ms
	BeginReloadAssembly (190ms)
		ExecutionOrderSort (0ms)
		DisableScriptedObjects (7ms)
		BackupInstance (0ms)
		ReleaseScriptingObjects (0ms)
		CreateAndSetChildDomain (36ms)
	RebuildCommonClasses (37ms)
	RebuildNativeTypeToScriptingClass (13ms)
	initialDomainReloadingComplete (48ms)
	LoadAllAssembliesAndSetupDomain (318ms)
		LoadAssemblies (381ms)
		RebuildTransferFunctionScriptingTraits (0ms)
		AnalyzeDomain (48ms)
			TypeCache.Refresh (11ms)
				TypeCache.ScanAssembly (0ms)
			ScanForSourceGeneratedMonoScriptInfo (23ms)
			ResolveRequiredComponents (12ms)
	FinalizeReload (1627ms)
		ReleaseScriptCaches (0ms)
		RebuildScriptCaches (0ms)
		SetupLoadedEditorAssemblies (485ms)
			LogAssemblyErrors (0ms)
			InitializePlatformSupportModulesInManaged (7ms)
			SetLoadedEditorAssemblies (3ms)
			RefreshPlugins (0ms)
			BeforeProcessingInitializeOnLoad (86ms)
			ProcessInitializeOnLoadAttributes (299ms)
			ProcessInitializeOnLoadMethodAttributes (79ms)
			AfterProcessingInitializeOnLoad (11ms)
			EditorAssembliesLoaded (0ms)
		ExecutionOrderSort2 (0ms)
		AwakeInstancesAfterBackupRestoration (23ms)
Refreshing native plugins compatible for Editor in 3.32 ms, found 3 plugins.
Preloading 0 native plugins for Editor in 0.00 ms.
Unloading 4766 Unused Serialized files (Serialized files now loaded: 0)
Unloading 39 unused Assets / (318.2 KB). Loaded Objects now: 5409.
Memory consumption went from 168.0 MB to 167.7 MB.
Total: 2.596300 ms (FindLiveObjects: 0.250500 ms CreateObjectMapping: 0.148100 ms MarkObjects: 2.120600 ms  DeleteObjects: 0.076200 ms)

Prepare: number of updated asset objects reloaded= 0
AssetImportParameters requested are different than current active one (requested -> active):
  custom:container-demuxer-ogg: 62fdf1f143b41e24485cea50d1cbac27 -> 
  custom:video-codec-MediaFoundation-h265: 746d11721c4dcdbdad8f713fa42b33f4 -> 
  custom:video-decoder-ogg-theora: a1e56fd34408186e4bbccfd4996cb3dc -> 
  custom:framework-win-MediaFoundation: 216162199b28c13a410421893ffa2e32 -> 
  custom:CustomObjectIndexerAttribute: a3ef5dd2817f97addfee359851a9dba5 -> 
  custom:container-demuxer-webm: 4f35f7cbe854078d1ac9338744f61a02 -> 
  custom:container-muxer-webm: aa71ff27fc2769a1b78a27578f13a17b -> 
  custom:video-decoder-webm-vp8: 9c59270c3fd7afecdb556c50c9e8de78 -> 
  custom:SearchIndexIgnoredProperties: e643bd26f0fe6173181afceb89e7c659 -> 
  custom:AudioImporter_EditorPlatform: d09bf68614088b80899f8185d706f6e7 -> 
  custom:video-encoder-webm-vp8: eb34c28f22e8b96e1ab97ce403110664 -> 
  custom:audio-decoder-ogg-vorbis: bf7c407c2cedff20999df2af8eb42d56 -> 
  custom:audio-encoder-webm-vorbis: bf7c407c2cedff20999df2af8eb42d56 -> 
========================================================================
Received Prepare
Begin MonoManager ReloadAssembly
Symbol file LoadedFromMemory doesn't match image C:\Users\Semfh\Documents\GitHub\TheArtisticNightmare\TheArtisticNightmare\Library\PackageCache\com.unity.visualscripting@1.8.0\Editor\VisualScripting.Core\Dependencies\YamlDotNet\Unity.VisualScripting.YamlDotNet.dll
Symbol file LoadedFromMemory doesn't match image C:\Users\Semfh\Documents\GitHub\TheArtisticNightmare\TheArtisticNightmare\Library\PackageCache\com.unity.visualscripting@1.8.0\Editor\VisualScripting.Core\Dependencies\DotNetZip\Unity.VisualScripting.IonicZip.dll
- Loaded All Assemblies, in  0.321 seconds
Refreshing native plugins compatible for Editor in 2.63 ms, found 3 plugins.
Native extension for WindowsStandalone target not found
Mono: successfully reloaded assembly
- Finished resetting the current domain, in  0.747 seconds
Domain Reload Profiling: 1066ms
	BeginReloadAssembly (107ms)
		ExecutionOrderSort (0ms)
		DisableScriptedObjects (2ms)
		BackupInstance (0ms)
		ReleaseScriptingObjects (0ms)
		CreateAndSetChildDomain (25ms)
	RebuildCommonClasses (20ms)
	RebuildNativeTypeToScriptingClass (7ms)
	initialDomainReloadingComplete (27ms)
	LoadAllAssembliesAndSetupDomain (158ms)
		LoadAssemblies (187ms)
		RebuildTransferFunctionScriptingTraits (0ms)
		AnalyzeDomain (27ms)
			TypeCache.Refresh (7ms)
				TypeCache.ScanAssembly (0ms)
			ScanForSourceGeneratedMonoScriptInfo (13ms)
			ResolveRequiredComponents (6ms)
	FinalizeReload (748ms)
		ReleaseScriptCaches (0ms)
		RebuildScriptCaches (0ms)
		SetupLoadedEditorAssemblies (279ms)
			LogAssemblyErrors (0ms)
			InitializePlatformSupportModulesInManaged (5ms)
			SetLoadedEditorAssemblies (2ms)
			RefreshPlugins (0ms)
			BeforeProcessingInitializeOnLoad (55ms)
			ProcessInitializeOnLoadAttributes (168ms)
			ProcessInitializeOnLoadMethodAttributes (42ms)
			AfterProcessingInitializeOnLoad (6ms)
			EditorAssembliesLoaded (0ms)
		ExecutionOrderSort2 (0ms)
		AwakeInstancesAfterBackupRestoration (13ms)
Refreshing native plugins compatible for Editor in 2.66 ms, found 3 plugins.
Preloading 0 native plugins for Editor in 0.00 ms.
Unloading 4766 Unused Serialized files (Serialized files now loaded: 0)
Unloading 39 unused Assets / (318.2 KB). Loaded Objects now: 5413.
Memory consumption went from 168.0 MB to 167.7 MB.
Total: 2.713300 ms (FindLiveObjects: 0.268800 ms CreateObjectMapping: 0.149400 ms MarkObjects: 2.197400 ms  DeleteObjects: 0.096800 ms)

Prepare: number of updated asset objects reloaded= 0
AssetImportParameters requested are different than current active one (requested -> active):
  custom:container-demuxer-ogg: 62fdf1f143b41e24485cea50d1cbac27 -> 
  custom:video-codec-MediaFoundation-h265: 746d11721c4dcdbdad8f713fa42b33f4 -> 
  custom:video-decoder-ogg-theora: a1e56fd34408186e4bbccfd4996cb3dc -> 
  custom:framework-win-MediaFoundation: 216162199b28c13a410421893ffa2e32 -> 
  custom:CustomObjectIndexerAttribute: a3ef5dd2817f97addfee359851a9dba5 -> 
  custom:container-demuxer-webm: 4f35f7cbe854078d1ac9338744f61a02 -> 
  custom:container-muxer-webm: aa71ff27fc2769a1b78a27578f13a17b -> 
  custom:video-decoder-webm-vp8: 9c59270c3fd7afecdb556c50c9e8de78 -> 
  custom:SearchIndexIgnoredProperties: e643bd26f0fe6173181afceb89e7c659 -> 
  custom:AudioImporter_EditorPlatform: d09bf68614088b80899f8185d706f6e7 -> 
  custom:video-encoder-webm-vp8: eb34c28f22e8b96e1ab97ce403110664 -> 
  custom:audio-decoder-ogg-vorbis: bf7c407c2cedff20999df2af8eb42d56 -> 
  custom:audio-encoder-webm-vorbis: bf7c407c2cedff20999df2af8eb42d56 -> 
