Using pre-set license
Built from '2022.3/staging' branch; Version is '2022.3.13f1 (5f90a5ebde0f) revision 6262949'; Using compiler version '192829333'; Build Type 'Release'
OS: 'Windows 11  (10.0.22621) 64bit Core' Language: 'en' Physical Memory: 15720 MB
BatchMode: 1, IsHumanControllingUs: 0, StartBugReporterOnCrash: 0, Is64bit: 1, IsPro: 1

COMMAND LINE ARGUMENTS:
C:\Program Files\Unity\Hub\Editor\2022.3.13f1\Editor\Unity.exe
-adb2
-batchMode
-noUpm
-name
AssetImportWorker2
-projectPath
D:/GRP Project/TheArtisticNightmare/TheArtisticNightmare
-logFile
Logs/AssetImportWorker2.log
-srvPort
50765
Successfully changed project path to: D:/GRP Project/TheArtisticNightmare/TheArtisticNightmare
D:/GRP Project/TheArtisticNightmare/TheArtisticNightmare
[UnityMemory] Configuration Parameters - Can be set up in boot.config
    "memorysetup-bucket-allocator-granularity=16"
    "memorysetup-bucket-allocator-bucket-count=8"
    "memorysetup-bucket-allocator-block-size=33554432"
    "memorysetup-bucket-allocator-block-count=8"
    "memorysetup-main-allocator-block-size=16777216"
    "memorysetup-thread-allocator-block-size=16777216"
    "memorysetup-gfx-main-allocator-block-size=16777216"
    "memorysetup-gfx-thread-allocator-block-size=16777216"
    "memorysetup-cache-allocator-block-size=4194304"
    "memorysetup-typetree-allocator-block-size=2097152"
    "memorysetup-profiler-bucket-allocator-granularity=16"
    "memorysetup-profiler-bucket-allocator-bucket-count=8"
    "memorysetup-profiler-bucket-allocator-block-size=33554432"
    "memorysetup-profiler-bucket-allocator-block-count=8"
    "memorysetup-profiler-allocator-block-size=16777216"
    "memorysetup-profiler-editor-allocator-block-size=1048576"
    "memorysetup-temp-allocator-size-main=16777216"
    "memorysetup-job-temp-allocator-block-size=2097152"
    "memorysetup-job-temp-allocator-block-size-background=1048576"
    "memorysetup-job-temp-allocator-reduction-small-platforms=262144"
    "memorysetup-allocator-temp-initial-block-size-main=262144"
    "memorysetup-allocator-temp-initial-block-size-worker=262144"
    "memorysetup-temp-allocator-size-background-worker=32768"
    "memorysetup-temp-allocator-size-job-worker=262144"
    "memorysetup-temp-allocator-size-preload-manager=33554432"
    "memorysetup-temp-allocator-size-nav-mesh-worker=65536"
    "memorysetup-temp-allocator-size-audio-worker=65536"
    "memorysetup-temp-allocator-size-cloud-worker=32768"
    "memorysetup-temp-allocator-size-gi-baking-worker=262144"
    "memorysetup-temp-allocator-size-gfx=262144"
Player connection [18012] Host "[IP] 172.20.49.205 [Port] 0 [Flags] 2 [Guid] 4163980207 [EditorId] 4163980207 [Version] 1048832 [Id] WindowsEditor(7,PARTH) [Debug] 1 [PackageName] WindowsEditor [ProjectName] Editor" joined multi-casting on [225.0.0.222:54997]...

Player connection [18012] Host "[IP] 172.20.49.205 [Port] 0 [Flags] 2 [Guid] 4163980207 [EditorId] 4163980207 [Version] 1048832 [Id] WindowsEditor(7,PARTH) [Debug] 1 [PackageName] WindowsEditor [ProjectName] Editor" joined alternative multi-casting on [225.0.0.222:34997]...

[Physics::Module] Initialized MultithreadedJobDispatcher with 15 workers.
Refreshing native plugins compatible for Editor in 10.69 ms, found 3 plugins.
Preloading 0 native plugins for Editor in 0.00 ms.
Initialize engine version: 2022.3.13f1 (5f90a5ebde0f)
[Subsystems] Discovering subsystems at path C:/Program Files/Unity/Hub/Editor/2022.3.13f1/Editor/Data/Resources/UnitySubsystems
[Subsystems] Discovering subsystems at path D:/GRP Project/TheArtisticNightmare/TheArtisticNightmare/Assets
GfxDevice: creating device client; threaded=0; jobified=0
Direct3D:
    Version:  Direct3D 11.0 [level 11.1]
    Renderer: NVIDIA GeForce RTX 3060 Laptop GPU (ID=0x2560)
    Vendor:   NVIDIA
    VRAM:     6010 MB
    Driver:   31.0.15.4617
Initialize mono
Mono path[0] = 'C:/Program Files/Unity/Hub/Editor/2022.3.13f1/Editor/Data/Managed'
Mono path[1] = 'C:/Program Files/Unity/Hub/Editor/2022.3.13f1/Editor/Data/MonoBleedingEdge/lib/mono/unityjit-win32'
Mono config path = 'C:/Program Files/Unity/Hub/Editor/2022.3.13f1/Editor/Data/MonoBleedingEdge/etc'
Using monoOptions --debugger-agent=transport=dt_socket,embedding=1,server=y,suspend=n,address=127.0.0.1:56596
Begin MonoManager ReloadAssembly
Registering precompiled unity dll's ...
Register platform support module: C:/Program Files/Unity/Hub/Editor/2022.3.13f1/Editor/Data/PlaybackEngines/WindowsStandaloneSupport/UnityEditor.WindowsStandalone.Extensions.dll
Registered in 0.005088 seconds.
- Loaded All Assemblies, in  0.349 seconds
Native extension for WindowsStandalone target not found
Mono: successfully reloaded assembly
- Finished resetting the current domain, in  0.222 seconds
Domain Reload Profiling: 570ms
	BeginReloadAssembly (110ms)
		ExecutionOrderSort (0ms)
		DisableScriptedObjects (0ms)
		BackupInstance (0ms)
		ReleaseScriptingObjects (0ms)
		CreateAndSetChildDomain (1ms)
	RebuildCommonClasses (31ms)
	RebuildNativeTypeToScriptingClass (15ms)
	initialDomainReloadingComplete (53ms)
	LoadAllAssembliesAndSetupDomain (138ms)
		LoadAssemblies (108ms)
		RebuildTransferFunctionScriptingTraits (0ms)
		AnalyzeDomain (136ms)
			TypeCache.Refresh (135ms)
				TypeCache.ScanAssembly (122ms)
			ScanForSourceGeneratedMonoScriptInfo (0ms)
			ResolveRequiredComponents (1ms)
	FinalizeReload (223ms)
		ReleaseScriptCaches (0ms)
		RebuildScriptCaches (0ms)
		SetupLoadedEditorAssemblies (165ms)
			LogAssemblyErrors (0ms)
			InitializePlatformSupportModulesInManaged (8ms)
			SetLoadedEditorAssemblies (6ms)
			RefreshPlugins (0ms)
			BeforeProcessingInitializeOnLoad (2ms)
			ProcessInitializeOnLoadAttributes (110ms)
			ProcessInitializeOnLoadMethodAttributes (40ms)
			AfterProcessingInitializeOnLoad (0ms)
			EditorAssembliesLoaded (0ms)
		ExecutionOrderSort2 (0ms)
		AwakeInstancesAfterBackupRestoration (0ms)
========================================================================
Worker process is ready to serve import requests
Begin MonoManager ReloadAssembly
- Loaded All Assemblies, in  0.611 seconds
Refreshing native plugins compatible for Editor in 2.57 ms, found 3 plugins.
Native extension for WindowsStandalone target not found
Package Manager log level set to [2]
[Package Manager] Server::EnsureServerProcessIsRunning -- launch failed, reason: Unity was launched with the -noUpm command-line argument
[Package Manager] UpmClient::Send -- Unable to send message (not connected to UPM process).
[Package Manager] Cannot connect to Unity Package Manager local server
Mono: successfully reloaded assembly
- Finished resetting the current domain, in  0.564 seconds
Domain Reload Profiling: 1174ms
	BeginReloadAssembly (147ms)
		ExecutionOrderSort (0ms)
		DisableScriptedObjects (7ms)
		BackupInstance (0ms)
		ReleaseScriptingObjects (0ms)
		CreateAndSetChildDomain (20ms)
	RebuildCommonClasses (31ms)
	RebuildNativeTypeToScriptingClass (8ms)
	initialDomainReloadingComplete (45ms)
	LoadAllAssembliesAndSetupDomain (378ms)
		LoadAssemblies (277ms)
		RebuildTransferFunctionScriptingTraits (0ms)
		AnalyzeDomain (184ms)
			TypeCache.Refresh (157ms)
				TypeCache.ScanAssembly (140ms)
			ScanForSourceGeneratedMonoScriptInfo (18ms)
			ResolveRequiredComponents (8ms)
	FinalizeReload (564ms)
		ReleaseScriptCaches (0ms)
		RebuildScriptCaches (0ms)
		SetupLoadedEditorAssemblies (411ms)
			LogAssemblyErrors (0ms)
			InitializePlatformSupportModulesInManaged (5ms)
			SetLoadedEditorAssemblies (2ms)
			RefreshPlugins (0ms)
			BeforeProcessingInitializeOnLoad (57ms)
			ProcessInitializeOnLoadAttributes (283ms)
			ProcessInitializeOnLoadMethodAttributes (59ms)
			AfterProcessingInitializeOnLoad (5ms)
			EditorAssembliesLoaded (0ms)
		ExecutionOrderSort2 (0ms)
		AwakeInstancesAfterBackupRestoration (6ms)
Launched and connected shader compiler UnityShaderCompiler.exe after 0.06 seconds
Refreshing native plugins compatible for Editor in 4.54 ms, found 3 plugins.
Preloading 0 native plugins for Editor in 0.00 ms.
Unloading 4941 Unused Serialized files (Serialized files now loaded: 0)
Unloading 65 unused Assets / (350.6 KB). Loaded Objects now: 5402.
Memory consumption went from 202.3 MB to 201.9 MB.
Total: 6.143900 ms (FindLiveObjects: 0.786100 ms CreateObjectMapping: 0.400800 ms MarkObjects: 4.609000 ms  DeleteObjects: 0.345900 ms)

AssetImportParameters requested are different than current active one (requested -> active):
  custom:container-demuxer-ogg: 62fdf1f143b41e24485cea50d1cbac27 -> 
  custom:video-codec-MediaFoundation-h265: 746d11721c4dcdbdad8f713fa42b33f4 -> 
  custom:video-decoder-ogg-theora: a1e56fd34408186e4bbccfd4996cb3dc -> 
  custom:framework-win-MediaFoundation: 216162199b28c13a410421893ffa2e32 -> 
  custom:CustomObjectIndexerAttribute: a3ef5dd2817f97addfee359851a9dba5 -> 
  custom:container-demuxer-webm: 4f35f7cbe854078d1ac9338744f61a02 -> 
  custom:container-muxer-webm: aa71ff27fc2769a1b78a27578f13a17b -> 
  custom:video-decoder-webm-vp8: 9c59270c3fd7afecdb556c50c9e8de78 -> 
  custom:SearchIndexIgnoredProperties: e643bd26f0fe6173181afceb89e7c659 -> 
  custom:AudioImporter_EditorPlatform: d09bf68614088b80899f8185d706f6e7 -> 
  custom:video-encoder-webm-vp8: eb34c28f22e8b96e1ab97ce403110664 -> 
  custom:audio-decoder-ogg-vorbis: bf7c407c2cedff20999df2af8eb42d56 -> 
  custom:audio-encoder-webm-vorbis: bf7c407c2cedff20999df2af8eb42d56 -> 
========================================================================
Received Import Request.
  Time since last request: 65270.152843 seconds.
  path: Assets/Parth_Assets/New Material.mat
  artifactKey: Guid(4c709e5ed4e22914ea0e4fb5e71a7e3a) Importer(815301076,1909f56bfc062723c751e8b465ee728b)
Start importing Assets/Parth_Assets/New Material.mat using Guid(4c709e5ed4e22914ea0e4fb5e71a7e3a) Importer(815301076,1909f56bfc062723c751e8b465ee728b)  -> (artifact id: '178085de4096117ff1ca3be8d2a5a3cb') in 0.281864 seconds
Number of updated asset objects reloaded before import = 0
Number of asset objects unloaded after import = 3
========================================================================
Received Import Request.
  Time since last request: 50.810232 seconds.
  path: Assets/Parth_Assets/Cube.004_Bake1_PBR_Normal.png
  artifactKey: Guid(9a2967d3aca8d2748836d382d95eca8f) Importer(815301076,1909f56bfc062723c751e8b465ee728b)
Start importing Assets/Parth_Assets/Cube.004_Bake1_PBR_Normal.png using Guid(9a2967d3aca8d2748836d382d95eca8f) Importer(815301076,1909f56bfc062723c751e8b465ee728b)  -> (artifact id: '000e91d88f1306cea92e8cf67836ac80') in 0.031385 seconds
Number of updated asset objects reloaded before import = 0
Number of asset objects unloaded after import = 2
========================================================================
Received Import Request.
  Time since last request: 227.585262 seconds.
  path: Assets/Parth_Assets/Cube.004_Bake1_PBR_Ambient Occlusion.png
  artifactKey: Guid(3642997aa150c844abb3467461293d94) Importer(815301076,1909f56bfc062723c751e8b465ee728b)
Start importing Assets/Parth_Assets/Cube.004_Bake1_PBR_Ambient Occlusion.png using Guid(3642997aa150c844abb3467461293d94) Importer(815301076,1909f56bfc062723c751e8b465ee728b)  -> (artifact id: '0d518aa8015a138a8dfe40d07a5e77e5') in 0.020836 seconds
Number of updated asset objects reloaded before import = 0
Number of asset objects unloaded after import = 2
========================================================================
Received Import Request.
  Time since last request: 0.000019 seconds.
  path: Assets/Parth_Assets/Cube.004_Bake1_PBR_Roughness.png
  artifactKey: Guid(1ca5b99673e917d40bf47368303b530d) Importer(815301076,1909f56bfc062723c751e8b465ee728b)
Start importing Assets/Parth_Assets/Cube.004_Bake1_PBR_Roughness.png using Guid(1ca5b99673e917d40bf47368303b530d) Importer(815301076,1909f56bfc062723c751e8b465ee728b)  -> (artifact id: 'bc565646f9cb709aada12a79bb40aebb') in 0.023394 seconds
Number of updated asset objects reloaded before import = 0
Number of asset objects unloaded after import = 2
========================================================================
Received Import Request.
  Time since last request: 0.000019 seconds.
  path: Assets/Parth_Assets/Cube.004_Bake1_PBR_Normal.png
  artifactKey: Guid(9a2967d3aca8d2748836d382d95eca8f) Importer(815301076,1909f56bfc062723c751e8b465ee728b)
Start importing Assets/Parth_Assets/Cube.004_Bake1_PBR_Normal.png using Guid(9a2967d3aca8d2748836d382d95eca8f) Importer(815301076,1909f56bfc062723c751e8b465ee728b)  -> (artifact id: 'f280267f554e0d9c56de6abf46a55bfb') in 0.021692 seconds
Number of updated asset objects reloaded before import = 0
Number of asset objects unloaded after import = 2
========================================================================
Received Import Request.
  Time since last request: 70.550722 seconds.
  path: Assets/Kirk_Assets/Textures/Decals/Paint_Splatter_0.png
  artifactKey: Guid(2f02498c93cd55340acbd825e957d356) Importer(815301076,1909f56bfc062723c751e8b465ee728b)
Start importing Assets/Kirk_Assets/Textures/Decals/Paint_Splatter_0.png using Guid(2f02498c93cd55340acbd825e957d356) Importer(815301076,1909f56bfc062723c751e8b465ee728b)  -> (artifact id: '07b6d5ef7544cfab8f1129c4fb2090f2') in 0.035088 seconds
Number of updated asset objects reloaded before import = 0
Number of asset objects unloaded after import = 2
========================================================================
Received Import Request.
  Time since last request: 0.000023 seconds.
  path: Assets/Kirk_Assets/Textures/Decals/Paint_Splatter_3.png
  artifactKey: Guid(a2af8f78ce8e706439073071ce8f0683) Importer(815301076,1909f56bfc062723c751e8b465ee728b)
Start importing Assets/Kirk_Assets/Textures/Decals/Paint_Splatter_3.png using Guid(a2af8f78ce8e706439073071ce8f0683) Importer(815301076,1909f56bfc062723c751e8b465ee728b)  -> (artifact id: 'e42178ce565cb7e65baeb8404c4adb3a') in 0.023212 seconds
Number of updated asset objects reloaded before import = 0
Number of asset objects unloaded after import = 2
========================================================================
Received Import Request.
  Time since last request: 0.000021 seconds.
  path: Assets/Kirk_Assets/Textures/Decals/Paint_Splatter_4.png
  artifactKey: Guid(8ea7238f27f219844a4bba8829011680) Importer(815301076,1909f56bfc062723c751e8b465ee728b)
Start importing Assets/Kirk_Assets/Textures/Decals/Paint_Splatter_4.png using Guid(8ea7238f27f219844a4bba8829011680) Importer(815301076,1909f56bfc062723c751e8b465ee728b)  -> (artifact id: 'eef7baa0ccdb0d9fed40af77ab4e8790') in 0.022119 seconds
Number of updated asset objects reloaded before import = 0
Number of asset objects unloaded after import = 2
========================================================================
Received Import Request.
  Time since last request: 0.998246 seconds.
  path: Assets/Kirk_Assets/Textures/UI/Crosshair.psd
  artifactKey: Guid(5ec411994e0cc2945ad52a17bc45f1bf) Importer(815301076,1909f56bfc062723c751e8b465ee728b)
Start importing Assets/Kirk_Assets/Textures/UI/Crosshair.psd using Guid(5ec411994e0cc2945ad52a17bc45f1bf) Importer(815301076,1909f56bfc062723c751e8b465ee728b)  -> (artifact id: '10556f4204a6d76814f48da94e1d65af') in 0.034123 seconds
Number of updated asset objects reloaded before import = 0
Number of asset objects unloaded after import = 3
========================================================================
Received Import Request.
  Time since last request: 753.823736 seconds.
  path: Assets/Parth_Assets/House4.fbx
  artifactKey: Guid(024f3cd4f7312ee4d931cf7bde8168fd) Importer(815301076,1909f56bfc062723c751e8b465ee728b)
Start importing Assets/Parth_Assets/House4.fbx using Guid(024f3cd4f7312ee4d931cf7bde8168fd) Importer(815301076,1909f56bfc062723c751e8b465ee728b)  -> (artifact id: 'db051d1acb2f394a1382e1695786bf3c') in 0.082541 seconds
Number of updated asset objects reloaded before import = 0
Number of asset objects unloaded after import = 9
========================================================================
Received Import Request.
  Time since last request: 0.000023 seconds.
  path: Assets/Parth_Assets/Tree1.fbx
  artifactKey: Guid(8ffdbb9b0653602489b129fac8f6ba14) Importer(815301076,1909f56bfc062723c751e8b465ee728b)
Start importing Assets/Parth_Assets/Tree1.fbx using Guid(8ffdbb9b0653602489b129fac8f6ba14) Importer(815301076,1909f56bfc062723c751e8b465ee728b)  -> (artifact id: 'e41e6e4a0fe912dccdce9786a0ca187d') in 0.072686 seconds
Number of updated asset objects reloaded before import = 0
Number of asset objects unloaded after import = 10
========================================================================
Received Import Request.
  Time since last request: 120.589656 seconds.
  path: Assets/Parth_Assets/House2.fbx
  artifactKey: Guid(15c51a9af1e9e9e41938895eb27dba8e) Importer(815301076,1909f56bfc062723c751e8b465ee728b)
Start importing Assets/Parth_Assets/House2.fbx using Guid(15c51a9af1e9e9e41938895eb27dba8e) Importer(815301076,1909f56bfc062723c751e8b465ee728b)  -> (artifact id: 'fe1387d5ff8313cfc10b2259f422eaf3') in 0.034964 seconds
Number of updated asset objects reloaded before import = 0
Number of asset objects unloaded after import = 9
========================================================================
Received Import Request.
  Time since last request: 137.866193 seconds.
  path: Assets/Parth_Assets/Textures/Cube.001_Bake1_PBR_Diffuse.png
  artifactKey: Guid(d272a1165f3361e42aec6c7c24ca2fca) Importer(815301076,1909f56bfc062723c751e8b465ee728b)
Start importing Assets/Parth_Assets/Textures/Cube.001_Bake1_PBR_Diffuse.png using Guid(d272a1165f3361e42aec6c7c24ca2fca) Importer(815301076,1909f56bfc062723c751e8b465ee728b)  -> (artifact id: '3ca51bda0445131f010088a1824492ca') in 0.026486 seconds
Number of updated asset objects reloaded before import = 0
Number of asset objects unloaded after import = 2
========================================================================
Received Import Request.
  Time since last request: 0.007359 seconds.
  path: Assets/Parth_Assets/Textures/Cube.002_Bake1_PBR_Ambient Occlusion.png
  artifactKey: Guid(ec54c985c636de341b555cbc2434a7b4) Importer(815301076,1909f56bfc062723c751e8b465ee728b)
Start importing Assets/Parth_Assets/Textures/Cube.002_Bake1_PBR_Ambient Occlusion.png using Guid(ec54c985c636de341b555cbc2434a7b4) Importer(815301076,1909f56bfc062723c751e8b465ee728b)  -> (artifact id: 'bad1e7fbd1bd6e4e2357dcc9ad736087') in 0.027651 seconds
Number of updated asset objects reloaded before import = 0
Number of asset objects unloaded after import = 2
========================================================================
Received Import Request.
  Time since last request: 0.000034 seconds.
  path: Assets/Parth_Assets/Textures/Cube.004_Bake1_PBR_Diffuse 1.png
  artifactKey: Guid(bb32ef3a8af36944390f44b6ca3d14c1) Importer(815301076,1909f56bfc062723c751e8b465ee728b)
Start importing Assets/Parth_Assets/Textures/Cube.004_Bake1_PBR_Diffuse 1.png using Guid(bb32ef3a8af36944390f44b6ca3d14c1) Importer(815301076,1909f56bfc062723c751e8b465ee728b)  -> (artifact id: '0131b77e9c47fea67928d55aa35eb02a') in 0.025076 seconds
Number of updated asset objects reloaded before import = 0
Number of asset objects unloaded after import = 2
========================================================================
Received Import Request.
  Time since last request: 0.000049 seconds.
  path: Assets/Parth_Assets/Textures/Cube.002_Bake1_PBR_Normal.png
  artifactKey: Guid(70818c88019529a4fb443f9d0c74ec09) Importer(815301076,1909f56bfc062723c751e8b465ee728b)
Start importing Assets/Parth_Assets/Textures/Cube.002_Bake1_PBR_Normal.png using Guid(70818c88019529a4fb443f9d0c74ec09) Importer(815301076,1909f56bfc062723c751e8b465ee728b)  -> (artifact id: '082d604f8b036905ac740f6247f2b349') in 0.025059 seconds
Number of updated asset objects reloaded before import = 0
Number of asset objects unloaded after import = 2
========================================================================
Received Import Request.
  Time since last request: 0.000021 seconds.
  path: Assets/Parth_Assets/Textures/Cube.003_Bake1_PBR_Diffuse.png
  artifactKey: Guid(a104fb270a9f5de41b2f936e1d8b82b9) Importer(815301076,1909f56bfc062723c751e8b465ee728b)
Start importing Assets/Parth_Assets/Textures/Cube.003_Bake1_PBR_Diffuse.png using Guid(a104fb270a9f5de41b2f936e1d8b82b9) Importer(815301076,1909f56bfc062723c751e8b465ee728b)  -> (artifact id: 'e30c4b294976ceaa6a67d3a5cfc31a74') in 0.031833 seconds
Number of updated asset objects reloaded before import = 0
Number of asset objects unloaded after import = 2
========================================================================
Received Import Request.
  Time since last request: 0.000033 seconds.
  path: Assets/Parth_Assets/Textures/Sapling_Populus-tremuloides_B_summer_Bake1_CyclesBake_DIFFUSE.png
  artifactKey: Guid(be2876ee8b1776546a40fa2b190ca9f8) Importer(815301076,1909f56bfc062723c751e8b465ee728b)
Start importing Assets/Parth_Assets/Textures/Sapling_Populus-tremuloides_B_summer_Bake1_CyclesBake_DIFFUSE.png using Guid(be2876ee8b1776546a40fa2b190ca9f8) Importer(815301076,1909f56bfc062723c751e8b465ee728b)  -> (artifact id: '10e5ab13aeaf75fd8b06ca607371d4b0') in 0.026020 seconds
Number of updated asset objects reloaded before import = 0
Number of asset objects unloaded after import = 2
========================================================================
Received Import Request.
  Time since last request: 0.000055 seconds.
  path: Assets/Parth_Assets/Textures/Cube.003_Bake1_PBR_Roughness.png
  artifactKey: Guid(63b04d56abe0d8f4580e09c835f38dee) Importer(815301076,1909f56bfc062723c751e8b465ee728b)
Start importing Assets/Parth_Assets/Textures/Cube.003_Bake1_PBR_Roughness.png using Guid(63b04d56abe0d8f4580e09c835f38dee) Importer(815301076,1909f56bfc062723c751e8b465ee728b)  -> (artifact id: '5844e1527b1945e0712263fe3a6901d9') in 0.024233 seconds
Number of updated asset objects reloaded before import = 0
Number of asset objects unloaded after import = 2
========================================================================
Received Import Request.
  Time since last request: 0.000022 seconds.
  path: Assets/Parth_Assets/Textures/Cube.003_Bake1_PBR_Ambient Occlusion.png
  artifactKey: Guid(c14cba0613d1812449a7ae004936723e) Importer(815301076,1909f56bfc062723c751e8b465ee728b)
Start importing Assets/Parth_Assets/Textures/Cube.003_Bake1_PBR_Ambient Occlusion.png using Guid(c14cba0613d1812449a7ae004936723e) Importer(815301076,1909f56bfc062723c751e8b465ee728b)  -> (artifact id: 'cc2c9ef0546583ef2af9d05e136e5715') in 0.020125 seconds
Number of updated asset objects reloaded before import = 0
Number of asset objects unloaded after import = 2
========================================================================
Received Import Request.
  Time since last request: 0.000021 seconds.
  path: Assets/Parth_Assets/Textures/Sapling_Populus-tremuloides_B_summer_Bake1_CyclesBake_COMBINED.png
  artifactKey: Guid(0dc65ee3a4c109c42b65cd3ff2a616cb) Importer(815301076,1909f56bfc062723c751e8b465ee728b)
Start importing Assets/Parth_Assets/Textures/Sapling_Populus-tremuloides_B_summer_Bake1_CyclesBake_COMBINED.png using Guid(0dc65ee3a4c109c42b65cd3ff2a616cb) Importer(815301076,1909f56bfc062723c751e8b465ee728b)  -> (artifact id: '70623de7595842f53f649b81a69f4807') in 0.023628 seconds
Number of updated asset objects reloaded before import = 0
Number of asset objects unloaded after import = 2
========================================================================
Received Import Request.
  Time since last request: 0.000103 seconds.
  path: Assets/Parth_Assets/Textures/Cube.001_Bake1_PBR_Normal.png
  artifactKey: Guid(b9bd3a3cbc8186b47a7eb33f4df641de) Importer(815301076,1909f56bfc062723c751e8b465ee728b)
Start importing Assets/Parth_Assets/Textures/Cube.001_Bake1_PBR_Normal.png using Guid(b9bd3a3cbc8186b47a7eb33f4df641de) Importer(815301076,1909f56bfc062723c751e8b465ee728b)  -> (artifact id: '014c9df93a0a2374fb7a5d9294211267') in 0.022451 seconds
Number of updated asset objects reloaded before import = 0
Number of asset objects unloaded after import = 2
Editor requested this worker to shutdown with reason: Scaling down because of idle timeout
TcpMessagingSession - receive error: operation aborted. errorcode: 995, details: The I/O operation has been aborted because of either a thread exit or an application request.
AssetImportWorker is now disconnected from the server
Process exiting
Exiting without the bug reporter. Application will terminate with return code 0